
GrupoA

/home/user/GrupoA /home/user
There are 31 tests
GrupoA |DEBUG GrupoA_tests/e4/2024_2/kjl00 10 "(ERRO) linha 3: "
GrupoA |DEBUG GrupoA_tests/e4/2024_2/kjl01 11 "(ERRO) linha 4: "
GrupoA |DEBUG GrupoA_tests/e4/2024_2/kjl02 11 "(ERRO) linha 4: "
GrupoA |DEBUG GrupoA_tests/e4/2024_2/kjl03 0 ""
GrupoA |DEBUG GrupoA_tests/e4/2024_2/kjl04 11 "____________________________ "
GrupoA |DEBUG GrupoA_tests/e4/2024_2/kjl05 11 "____________________________ "
GrupoA |DEBUG GrupoA_tests/e4/2024_2/kjl06 0 "____________________________ "
GrupoA |DEBUG GrupoA_tests/e4/2024_2/kjl07 10 "(ERRO) linha 3: "
GrupoA |DEBUG GrupoA_tests/e4/2024_2/kjl08 11 "(ERRO) linha 3: "
GrupoA |DEBUG GrupoA_tests/e4/2024_2/kjl09 10 "(ERRO) linha 4: "
GrupoA |DEBUG GrupoA_tests/e4/2024_2/kjl10 10 "(ERRO) linha 3: "
GrupoA |DEBUG GrupoA_tests/e4/2024_2/kjl11 10 "(ERRO) linha 4: "
GrupoA |DEBUG GrupoA_tests/e4/2024_2/kjl12 10 "(ERRO) linha 3: "
GrupoA |DEBUG GrupoA_tests/e4/2024_2/kjl13 10 "(ERRO) linha 3: "
GrupoA |DEBUG GrupoA_tests/e4/2024_2/kjl14 10 "(ERRO) linha 3: "
GrupoA |DEBUG GrupoA_tests/e4/2024_2/kjl15 10 "(ERRO) linha 4: "
GrupoA |DEBUG GrupoA_tests/e4/2024_2/kjl16 10 "(ERRO) linha 4: "
GrupoA |DEBUG GrupoA_tests/e4/2024_2/kjl17 10 "(ERRO) linha 3: "
GrupoA |DEBUG GrupoA_tests/e4/2024_2/kjl18 11 "____________________________ "
GrupoA |DEBUG GrupoA_tests/e4/2024_2/kjl19 0 "____________________________ "
GrupoA |DEBUG GrupoA_tests/e4/2024_2/kjl20 10 "(ERRO) linha 6: "
GrupoA |DEBUG GrupoA_tests/e4/2024_2/kjl21 10 "(ERRO) linha 6: "
GrupoA |DEBUG GrupoA_tests/e4/2024_2/kjl22 10 "(ERRO) linha 7: "
GrupoA |DEBUG GrupoA_tests/e4/2024_2/kjl23 10 "(ERRO) linha 6: "
GrupoA |DEBUG GrupoA_tests/e4/2024_2/kjl24 11 "____________________________ "
GrupoA |DEBUG GrupoA_tests/e4/2024_2/kjl25 10 "____________________________ "
GrupoA |DEBUG GrupoA_tests/e4/2024_2/kjl26 0 "____________________________ "
GrupoA |DEBUG GrupoA_tests/e4/2024_2/kjl27 11 "____________________________ "
GrupoA |DEBUG GrupoA_tests/e4/2024_2/kjl28 11 "(ERRO) linha 2: "
GrupoA |DEBUG GrupoA_tests/e4/2024_2/kjl29 0 "____________________________ "
GrupoA |DEBUG GrupoA_tests/e4/2024_2/kjl30 11 "____________________________ "
/home/user

GrupoB

/home/user/GrupoB /home/user
There are 31 tests
GrupoB |DEBUG GrupoB_tests/e4/2024_2/kjl00 10 "Error at line 3: Undeclared variable  a  "
GrupoB |DEBUG GrupoB_tests/e4/2024_2/kjl01 11 "Error at line 4: Variable  a  already declared at line 3 "
GrupoB |DEBUG GrupoB_tests/e4/2024_2/kjl02 11 "Error at line 4: Variable  a  already declared at line 3 "
GrupoB |DEBUG GrupoB_tests/e4/2024_2/kjl03 0 "Erro: asd_print_graphviz recebeu parâmetro tree = (nil). "
GrupoB |DEBUG GrupoB_tests/e4/2024_2/kjl04 11 "Error at line 16: Function  f  already declared at line 2 "
GrupoB |DEBUG GrupoB_tests/e4/2024_2/kjl05 11 "Error at line 10: Variable  a  already declared at line 3 "
GrupoB |DEBUG GrupoB_tests/e4/2024_2/kjl06 0 ""
GrupoB |DEBUG GrupoB_tests/e4/2024_2/kjl07 10 "Error at line 3: Undeclared variable  a  "
GrupoB |DEBUG GrupoB_tests/e4/2024_2/kjl08 11 "Error at line 3: Variable  b  already declared at line 2 "
GrupoB |DEBUG GrupoB_tests/e4/2024_2/kjl09 10 "Error at line 4: Undeclared variable  b  "
GrupoB |DEBUG GrupoB_tests/e4/2024_2/kjl10 10 "Error at line 3: Undeclared variable  a  "
GrupoB |DEBUG GrupoB_tests/e4/2024_2/kjl11 10 "Error at line 4: Undeclared variable  a  "
GrupoB |DEBUG GrupoB_tests/e4/2024_2/kjl12 10 "Error at line 3: Undeclared variable  b  "
GrupoB |DEBUG GrupoB_tests/e4/2024_2/kjl13 10 "Error at line 3: Undeclared variable  a  "
GrupoB |DEBUG GrupoB_tests/e4/2024_2/kjl14 10 "Error at line 3: Undeclared variable  a  "
GrupoB |DEBUG GrupoB_tests/e4/2024_2/kjl15 10 "Error at line 4: Undeclared variable  a  "
GrupoB |DEBUG GrupoB_tests/e4/2024_2/kjl16 10 "Error at line 4: Undeclared function  g  "
GrupoB |DEBUG GrupoB_tests/e4/2024_2/kjl17 10 "Error at line 3: Undeclared function  h  "
GrupoB |DEBUG GrupoB_tests/e4/2024_2/kjl18 11 "Error at line 11: Variable  a  already declared at line 5 "
GrupoB |DEBUG GrupoB_tests/e4/2024_2/kjl19 0 ""
GrupoB |DEBUG GrupoB_tests/e4/2024_2/kjl20 10 "Error at line 6: Undeclared variable  a  "
GrupoB |DEBUG GrupoB_tests/e4/2024_2/kjl21 10 "Error at line 6: Undeclared variable  a  "
GrupoB |DEBUG GrupoB_tests/e4/2024_2/kjl22 10 "Error at line 7: Undeclared function  g  "
GrupoB |DEBUG GrupoB_tests/e4/2024_2/kjl23 10 "Error at line 6: Undeclared variable  v  "
GrupoB |DEBUG GrupoB_tests/e4/2024_2/kjl24 11 "Error at line 7: Function  f  already declared at line 2 "
GrupoB |DEBUG GrupoB_tests/e4/2024_2/kjl25 10 "Error at line 10: Undeclared function  g  "
GrupoB |DEBUG GrupoB_tests/e4/2024_2/kjl26 0 ""
GrupoB |DEBUG GrupoB_tests/e4/2024_2/kjl27 11 "Error at line 8: Function  g  already declared at line 2 "
GrupoB |DEBUG GrupoB_tests/e4/2024_2/kjl28 11 "Error at line 2: Variable  a  already declared at line 2 "
GrupoB |DEBUG GrupoB_tests/e4/2024_2/kjl29 0 ""
GrupoB |DEBUG GrupoB_tests/e4/2024_2/kjl30 11 "Error at line 7: Function  main  already declared at line 2 "
/home/user

GrupoC

/home/user/GrupoC /home/user
There are 31 tests
GrupoC |DEBUG GrupoC_tests/e4/2024_2/kjl00 10 "ERROR - Linha 3: Identificador  a  referido na linha 3 não declarado. "
GrupoC |DEBUG GrupoC_tests/e4/2024_2/kjl01 11 "ERROR - Linha 4: Variável de nome  a  já declarada na linha 3. "
GrupoC |DEBUG GrupoC_tests/e4/2024_2/kjl02 11 "ERROR - Linha 4: Variável de nome  a  já declarada na linha 3. "
GrupoC |DEBUG GrupoC_tests/e4/2024_2/kjl03 0 ""
GrupoC |DEBUG GrupoC_tests/e4/2024_2/kjl04 11 "ERROR - Linha 16: Função de nome  f  já declarada na linha 2. "
GrupoC |DEBUG GrupoC_tests/e4/2024_2/kjl05 11 "ERROR - Linha 10: Variável de nome  a  já declarada na linha 3. "
GrupoC |DEBUG GrupoC_tests/e4/2024_2/kjl06 0 ""
GrupoC |DEBUG GrupoC_tests/e4/2024_2/kjl07 10 "ERROR - Linha 3: Identificador  a  referido na linha 3 não declarado. "
GrupoC |DEBUG GrupoC_tests/e4/2024_2/kjl08 11 "ERROR - Linha 3: Variável de nome  b  já declarada na linha 2. "
GrupoC |DEBUG GrupoC_tests/e4/2024_2/kjl09 10 "ERROR - Linha 4: Identificador  b  referido na linha 4 não declarado. "
GrupoC |DEBUG GrupoC_tests/e4/2024_2/kjl10 10 "ERROR - Linha 3: Identificador  a  referido na linha 3 não declarado. "
GrupoC |DEBUG GrupoC_tests/e4/2024_2/kjl11 10 "ERROR - Linha 4: Identificador  a  referido na linha 4 não declarado. "
GrupoC |DEBUG GrupoC_tests/e4/2024_2/kjl12 10 "ERROR - Linha 3: Identificador  b  referido na linha 3 não declarado. "
GrupoC |DEBUG GrupoC_tests/e4/2024_2/kjl13 10 "ERROR - Linha 3: Identificador  a  referido na linha 3 não declarado. "
GrupoC |DEBUG GrupoC_tests/e4/2024_2/kjl14 10 "ERROR - Linha 3: Identificador  a  referido na linha 3 não declarado. "
GrupoC |DEBUG GrupoC_tests/e4/2024_2/kjl15 10 "ERROR - Linha 4: Identificador  a  referido na linha 4 não declarado. "
GrupoC |DEBUG GrupoC_tests/e4/2024_2/kjl16 10 "ERROR - Linha 4: Identificador  g  referido na linha 4 não declarado. "
GrupoC |DEBUG GrupoC_tests/e4/2024_2/kjl17 10 "ERROR - Linha 3: Identificador  h  referido na linha 3 não declarado. "
GrupoC |DEBUG GrupoC_tests/e4/2024_2/kjl18 11 "ERROR - Linha 11: Variável de nome  a  já declarada na linha 5. "
GrupoC |DEBUG GrupoC_tests/e4/2024_2/kjl19 0 ""
GrupoC |DEBUG GrupoC_tests/e4/2024_2/kjl20 10 "ERROR - Linha 6: Identificador  a  referido na linha 6 não declarado. "
GrupoC |DEBUG GrupoC_tests/e4/2024_2/kjl21 10 "ERROR - Linha 6: Identificador  a  referido na linha 6 não declarado. "
GrupoC |DEBUG GrupoC_tests/e4/2024_2/kjl22 10 "ERROR - Linha 7: Identificador  g  referido na linha 7 não declarado. "
GrupoC |DEBUG GrupoC_tests/e4/2024_2/kjl23 10 "ERROR - Linha 6: Identificador  v  referido na linha 6 não declarado. "
GrupoC |DEBUG GrupoC_tests/e4/2024_2/kjl24 11 "ERROR - Linha 7: Função de nome  f  já declarada na linha 2. "
GrupoC |DEBUG GrupoC_tests/e4/2024_2/kjl25 10 "ERROR - Linha 10: Identificador  g  referido na linha 10 não declarado. "
GrupoC |DEBUG GrupoC_tests/e4/2024_2/kjl26 0 ""
GrupoC |DEBUG GrupoC_tests/e4/2024_2/kjl27 11 "ERROR - Linha 8: Função de nome  g  já declarada na linha 2. "
GrupoC |DEBUG GrupoC_tests/e4/2024_2/kjl28 0 ""
GrupoC |DEBUG GrupoC_tests/e4/2024_2/kjl29 0 ""
GrupoC |DEBUG GrupoC_tests/e4/2024_2/kjl30 11 "ERROR - Linha 7: Função de nome  main  já declarada na linha 2. "
/home/user

GrupoD

/home/user/GrupoD /home/user
There are 31 tests
GrupoD |DEBUG GrupoD_tests/e4/2024_2/kjl00 10 "Erro semântico: O identificador a, referenciado na linha 3, não foi declarado. "
GrupoD |DEBUG GrupoD_tests/e4/2024_2/kjl01 11 "Erro semântico: O identificador a (natureza: IDENTIFICADOR), declarado na linha 4, já foi declarado anteriormente na linha 3. "
GrupoD |DEBUG GrupoD_tests/e4/2024_2/kjl02 11 "Erro semântico: O identificador a (natureza: IDENTIFICADOR), declarado na linha 4, já foi declarado anteriormente na linha 3. "
GrupoD |DEBUG GrupoD_tests/e4/2024_2/kjl03 0 ""
GrupoD |DEBUG GrupoD_tests/e4/2024_2/kjl04 11 "Erro semântico: O identificador f (natureza: FUNÇÃO), declarado na linha 16, já foi declarado anteriormente na linha 2. "
GrupoD |DEBUG GrupoD_tests/e4/2024_2/kjl05 11 "Erro semântico: O identificador a (natureza: IDENTIFICADOR), declarado na linha 10, já foi declarado anteriormente na linha 3. "
GrupoD |DEBUG GrupoD_tests/e4/2024_2/kjl06 0 "0x55e1cf73f410 [label= g ]; "
GrupoD |DEBUG GrupoD_tests/e4/2024_2/kjl07 10 "Erro semântico: O identificador a, referenciado na linha 3, não foi declarado. "
GrupoD |DEBUG GrupoD_tests/e4/2024_2/kjl08 11 "Erro semântico: O identificador b (natureza: IDENTIFICADOR), declarado na linha 3, já foi declarado anteriormente na linha 2. "
GrupoD |DEBUG GrupoD_tests/e4/2024_2/kjl09 10 "Erro semântico: O identificador b, referenciado na linha 4, não foi declarado. "
GrupoD |DEBUG GrupoD_tests/e4/2024_2/kjl10 10 "Erro semântico: O identificador a, referenciado na linha 3, não foi declarado. "
GrupoD |DEBUG GrupoD_tests/e4/2024_2/kjl11 10 "Erro semântico: O identificador a, referenciado na linha 4, não foi declarado. "
GrupoD |DEBUG GrupoD_tests/e4/2024_2/kjl12 10 "Erro semântico: O identificador b, referenciado na linha 3, não foi declarado. "
GrupoD |DEBUG GrupoD_tests/e4/2024_2/kjl13 10 "Erro semântico: O identificador a, referenciado na linha 3, não foi declarado. "
GrupoD |DEBUG GrupoD_tests/e4/2024_2/kjl14 10 "Erro semântico: O identificador a, referenciado na linha 3, não foi declarado. "
GrupoD |DEBUG GrupoD_tests/e4/2024_2/kjl15 10 "Erro semântico: O identificador a, referenciado na linha 4, não foi declarado. "
GrupoD |DEBUG GrupoD_tests/e4/2024_2/kjl16 10 "Erro semântico: O identificador g, referenciado na linha 4, não foi declarado. "
GrupoD |DEBUG GrupoD_tests/e4/2024_2/kjl17 10 "Erro semântico: O identificador h, referenciado na linha 3, não foi declarado. "
GrupoD |DEBUG GrupoD_tests/e4/2024_2/kjl18 11 "Erro semântico: O identificador a (natureza: IDENTIFICADOR), declarado na linha 11, já foi declarado anteriormente na linha 5. "
GrupoD |DEBUG GrupoD_tests/e4/2024_2/kjl19 0 "0x556ece138410 [label= f ]; "
GrupoD |DEBUG GrupoD_tests/e4/2024_2/kjl20 10 "Erro semântico: O identificador a, referenciado na linha 6, não foi declarado. "
GrupoD |DEBUG GrupoD_tests/e4/2024_2/kjl21 10 "Erro semântico: O identificador a, referenciado na linha 6, não foi declarado. "
GrupoD |DEBUG GrupoD_tests/e4/2024_2/kjl22 10 "Erro semântico: O identificador g, referenciado na linha 7, não foi declarado. "
GrupoD |DEBUG GrupoD_tests/e4/2024_2/kjl23 10 "Erro semântico: O identificador v, referenciado na linha 6, não foi declarado. "
GrupoD |DEBUG GrupoD_tests/e4/2024_2/kjl24 11 "Erro semântico: O identificador f (natureza: FUNÇÃO), declarado na linha 7, já foi declarado anteriormente na linha 2. "
GrupoD |DEBUG GrupoD_tests/e4/2024_2/kjl25 10 "Erro semântico: O identificador g, referenciado na linha 10, não foi declarado. "
GrupoD |DEBUG GrupoD_tests/e4/2024_2/kjl26 0 "0x56239cee3430 [label= g ]; "
GrupoD |DEBUG GrupoD_tests/e4/2024_2/kjl27 11 "Erro semântico: O identificador g (natureza: FUNÇÃO), declarado na linha 8, já foi declarado anteriormente na linha 2. "
GrupoD |DEBUG GrupoD_tests/e4/2024_2/kjl28 11 "Erro semântico: O identificador a (natureza: IDENTIFICADOR), declarado na linha 2, já foi declarado anteriormente na linha 2. "
GrupoD |DEBUG GrupoD_tests/e4/2024_2/kjl29 0 "0x56066d1ef410 [label= f ]; "
GrupoD |DEBUG GrupoD_tests/e4/2024_2/kjl30 11 "Erro semântico: O identificador main (natureza: FUNÇÃO), declarado na linha 7, já foi declarado anteriormente na linha 2. "
/home/user

GrupoE

/home/user/GrupoE /home/user
There are 31 tests
GrupoE |DEBUG GrupoE_tests/e4/2024_2/kjl00 10 "semantic error: identificador a (variável) na linha 3 não declarado "
GrupoE |DEBUG GrupoE_tests/e4/2024_2/kjl01 11 "semantic error: identificador a (variável) na linha 4 já declarado na linha 3 "
GrupoE |DEBUG GrupoE_tests/e4/2024_2/kjl02 11 "semantic error: identificador a (variável) na linha 4 já declarado na linha 3 "
GrupoE |DEBUG GrupoE_tests/e4/2024_2/kjl03 0 ""
GrupoE |DEBUG GrupoE_tests/e4/2024_2/kjl04 11 "semantic error: identificador f (função) na linha 16 já declarado na linha 2 "
GrupoE |DEBUG GrupoE_tests/e4/2024_2/kjl05 11 "semantic error: identificador a (variável) na linha 10 já declarado na linha 3 "
GrupoE |DEBUG GrupoE_tests/e4/2024_2/kjl06 0 ""
GrupoE |DEBUG GrupoE_tests/e4/2024_2/kjl07 10 "semantic error: identificador a (variável) na linha 3 não declarado "
GrupoE |DEBUG GrupoE_tests/e4/2024_2/kjl08 11 "semantic error: identificador b (variável) na linha 3 já declarado na linha 2 "
GrupoE |DEBUG GrupoE_tests/e4/2024_2/kjl09 10 "semantic error: identificador b (variável) na linha 4 não declarado "
GrupoE |DEBUG GrupoE_tests/e4/2024_2/kjl10 10 "semantic error: identificador a (variável) na linha 3 não declarado "
GrupoE |DEBUG GrupoE_tests/e4/2024_2/kjl11 10 "semantic error: identificador a (variável) na linha 4 não declarado "
GrupoE |DEBUG GrupoE_tests/e4/2024_2/kjl12 10 "semantic error: identificador b (variável) na linha 3 não declarado "
GrupoE |DEBUG GrupoE_tests/e4/2024_2/kjl13 10 "semantic error: identificador a (variável) na linha 3 não declarado "
GrupoE |DEBUG GrupoE_tests/e4/2024_2/kjl14 10 "semantic error: identificador a (variável) na linha 3 não declarado "
GrupoE |DEBUG GrupoE_tests/e4/2024_2/kjl15 10 "semantic error: identificador a (variável) na linha 4 não declarado "
GrupoE |DEBUG GrupoE_tests/e4/2024_2/kjl16 10 "semantic error: identificador g (função) na linha 4 não declarado "
GrupoE |DEBUG GrupoE_tests/e4/2024_2/kjl17 10 "semantic error: identificador h (função) na linha 3 não declarado "
GrupoE |DEBUG GrupoE_tests/e4/2024_2/kjl18 11 "semantic error: identificador a (variável) na linha 11 já declarado na linha 5 "
GrupoE |DEBUG GrupoE_tests/e4/2024_2/kjl19 0 ""
GrupoE |DEBUG GrupoE_tests/e4/2024_2/kjl20 10 "semantic error: identificador a (variável) na linha 6 não declarado "
GrupoE |DEBUG GrupoE_tests/e4/2024_2/kjl21 10 "semantic error: identificador a (variável) na linha 6 não declarado "
GrupoE |DEBUG GrupoE_tests/e4/2024_2/kjl22 10 "semantic error: identificador g (função) na linha 7 não declarado "
GrupoE |DEBUG GrupoE_tests/e4/2024_2/kjl23 10 "semantic error: identificador v (variável) na linha 6 não declarado "
GrupoE |DEBUG GrupoE_tests/e4/2024_2/kjl24 11 "semantic error: identificador f (função) na linha 7 já declarado na linha 2 "
GrupoE |DEBUG GrupoE_tests/e4/2024_2/kjl25 10 "semantic error: identificador g (função) na linha 10 não declarado "
GrupoE |DEBUG GrupoE_tests/e4/2024_2/kjl26 0 ""
GrupoE |DEBUG GrupoE_tests/e4/2024_2/kjl27 11 "semantic error: identificador g (função) na linha 8 já declarado na linha 2 "
GrupoE |DEBUG GrupoE_tests/e4/2024_2/kjl28 11 "semantic error: identificador a (variável) na linha 2 já declarado na linha 2 "
GrupoE |DEBUG GrupoE_tests/e4/2024_2/kjl29 0 ""
GrupoE |DEBUG GrupoE_tests/e4/2024_2/kjl30 11 "semantic error: identificador main (função) na linha 7 já declarado na linha 2 "
/home/user

GrupoF

/home/user/GrupoF /home/user
There are 31 tests
GrupoF |DEBUG GrupoF_tests/e4/2024_2/kjl00 10 "Symbol Undeclared. Error in line 3 "
GrupoF |DEBUG GrupoF_tests/e4/2024_2/kjl01 11 "Duplicated Variable Declaration. Error in line 4 "
GrupoF |DEBUG GrupoF_tests/e4/2024_2/kjl02 11 "Duplicated Variable Declaration. Error in line 4 "
GrupoF |DEBUG GrupoF_tests/e4/2024_2/kjl03 0 ""
GrupoF |DEBUG GrupoF_tests/e4/2024_2/kjl04 11 "Duplicated Function Declaration. Error in line 16 "
GrupoF |DEBUG GrupoF_tests/e4/2024_2/kjl05 11 "Duplicated Variable Declaration. Error in line 10 "
GrupoF |DEBUG GrupoF_tests/e4/2024_2/kjl06 0 ""
GrupoF |DEBUG GrupoF_tests/e4/2024_2/kjl07 10 "Symbol Undeclared. Error in line 3 "
GrupoF |DEBUG GrupoF_tests/e4/2024_2/kjl08 11 "Duplicated Variable Declaration. Error in line 3 "
GrupoF |DEBUG GrupoF_tests/e4/2024_2/kjl09 10 "Symbol Undeclared. Error in line 4 "
GrupoF |DEBUG GrupoF_tests/e4/2024_2/kjl10 10 "Symbol Undeclared. Error in line 3 "
GrupoF |DEBUG GrupoF_tests/e4/2024_2/kjl11 10 "Symbol Undeclared. Error in line 4 "
GrupoF |DEBUG GrupoF_tests/e4/2024_2/kjl12 10 "Symbol Undeclared. Error in line 3 "
GrupoF |DEBUG GrupoF_tests/e4/2024_2/kjl13 10 "Symbol Undeclared. Error in line 3 "
GrupoF |DEBUG GrupoF_tests/e4/2024_2/kjl14 10 "Symbol Undeclared. Error in line 3 "
GrupoF |DEBUG GrupoF_tests/e4/2024_2/kjl15 10 "Symbol Undeclared. Error in line 4 "
GrupoF |DEBUG GrupoF_tests/e4/2024_2/kjl16 10 "Function Undeclared. Error in line 4 "
GrupoF |DEBUG GrupoF_tests/e4/2024_2/kjl17 10 "Function Undeclared. Error in line 3 "
GrupoF |DEBUG GrupoF_tests/e4/2024_2/kjl18 11 "Duplicated Variable Declaration. Error in line 11 "
GrupoF |DEBUG GrupoF_tests/e4/2024_2/kjl19 0 ""
GrupoF |DEBUG GrupoF_tests/e4/2024_2/kjl20 10 "Symbol Undeclared. Error in line 6 "
GrupoF |DEBUG GrupoF_tests/e4/2024_2/kjl21 10 "Symbol Undeclared. Error in line 6 "
GrupoF |DEBUG GrupoF_tests/e4/2024_2/kjl22 10 "Function Undeclared. Error in line 7 "
GrupoF |DEBUG GrupoF_tests/e4/2024_2/kjl23 10 "Symbol Undeclared. Error in line 6 "
GrupoF |DEBUG GrupoF_tests/e4/2024_2/kjl24 11 "Duplicated Function Declaration. Error in line 7 "
GrupoF |DEBUG GrupoF_tests/e4/2024_2/kjl25 10 "Function Undeclared. Error in line 10 "
GrupoF |DEBUG GrupoF_tests/e4/2024_2/kjl26 0 ""
GrupoF |DEBUG GrupoF_tests/e4/2024_2/kjl27 11 "Duplicated Function Declaration. Error in line 8 "
GrupoF |DEBUG GrupoF_tests/e4/2024_2/kjl28 11 "Error in line 2 "
GrupoF |DEBUG GrupoF_tests/e4/2024_2/kjl29 0 ""
GrupoF |DEBUG GrupoF_tests/e4/2024_2/kjl30 11 "Duplicated Function Declaration. Error in line 7 "
/home/user

GrupoG

/home/user/GrupoG /home/user
There are 31 tests
GrupoG |DEBUG GrupoG_tests/e4/2024_2/kjl00 10 "Declaração  do identificador [a] usado na linha [3] não encontrada "
GrupoG |DEBUG GrupoG_tests/e4/2024_2/kjl01 11 "Redeclaração  do identificador [a] detectada na linha [4], declaração prévia na linha [3] "
GrupoG |DEBUG GrupoG_tests/e4/2024_2/kjl02 11 "Redeclaração  do identificador [a] detectada na linha [4], declaração prévia na linha [3] "
GrupoG |DEBUG GrupoG_tests/e4/2024_2/kjl03 0 ""
GrupoG |DEBUG GrupoG_tests/e4/2024_2/kjl04 11 "Redeclaração  do identificador [f] detectada na linha [16], declaração prévia na linha [2] "
GrupoG |DEBUG GrupoG_tests/e4/2024_2/kjl05 11 "Redeclaração  do identificador [a] detectada na linha [10], declaração prévia na linha [3] "
GrupoG |DEBUG GrupoG_tests/e4/2024_2/kjl06 0 ""
GrupoG |DEBUG GrupoG_tests/e4/2024_2/kjl07 10 "Declaração  do identificador [a] usado na linha [3] não encontrada "
GrupoG |DEBUG GrupoG_tests/e4/2024_2/kjl08 11 "Redeclaração  do identificador [b] detectada na linha [3], declaração prévia na linha [2] "
GrupoG |DEBUG GrupoG_tests/e4/2024_2/kjl09 10 "Declaração  do identificador [b] usado na linha [4] não encontrada "
GrupoG |DEBUG GrupoG_tests/e4/2024_2/kjl10 10 "Declaração  do identificador [a] usado na linha [3] não encontrada "
GrupoG |DEBUG GrupoG_tests/e4/2024_2/kjl11 10 "Declaração  do identificador [a] usado na linha [4] não encontrada "
GrupoG |DEBUG GrupoG_tests/e4/2024_2/kjl12 10 "Declaração  do identificador [b] usado na linha [3] não encontrada "
GrupoG |DEBUG GrupoG_tests/e4/2024_2/kjl13 10 "Declaração  do identificador [a] usado na linha [3] não encontrada "
GrupoG |DEBUG GrupoG_tests/e4/2024_2/kjl14 10 "Declaração  do identificador [a] usado na linha [3] não encontrada "
GrupoG |DEBUG GrupoG_tests/e4/2024_2/kjl15 10 "Declaração  do identificador [a] usado na linha [4] não encontrada "
GrupoG |DEBUG GrupoG_tests/e4/2024_2/kjl16 10 "Declaração  do identificador [g] usado na linha [4] não encontrada "
GrupoG |DEBUG GrupoG_tests/e4/2024_2/kjl17 10 "Declaração  do identificador [h] usado na linha [3] não encontrada "
GrupoG |DEBUG GrupoG_tests/e4/2024_2/kjl18 11 "Redeclaração  do identificador [a] detectada na linha [11], declaração prévia na linha [5] "
GrupoG |DEBUG GrupoG_tests/e4/2024_2/kjl19 0 ""
GrupoG |DEBUG GrupoG_tests/e4/2024_2/kjl20 10 "Declaração  do identificador [a] usado na linha [6] não encontrada "
GrupoG |DEBUG GrupoG_tests/e4/2024_2/kjl21 10 "Declaração  do identificador [a] usado na linha [6] não encontrada "
GrupoG |DEBUG GrupoG_tests/e4/2024_2/kjl22 10 "Declaração  do identificador [g] usado na linha [7] não encontrada "
GrupoG |DEBUG GrupoG_tests/e4/2024_2/kjl23 10 "Declaração  do identificador [v] usado na linha [6] não encontrada "
GrupoG |DEBUG GrupoG_tests/e4/2024_2/kjl24 11 "Redeclaração  do identificador [f] detectada na linha [7], declaração prévia na linha [2] "
GrupoG |DEBUG GrupoG_tests/e4/2024_2/kjl25 10 "Declaração  do identificador [g] usado na linha [10] não encontrada "
GrupoG |DEBUG GrupoG_tests/e4/2024_2/kjl26 0 ""
GrupoG |DEBUG GrupoG_tests/e4/2024_2/kjl27 11 "Redeclaração  do identificador [g] detectada na linha [8], declaração prévia na linha [2] "
GrupoG |DEBUG GrupoG_tests/e4/2024_2/kjl28 11 "Redeclaração  do identificador [a] detectada na linha [2], declaração prévia na linha [2] "
GrupoG |DEBUG GrupoG_tests/e4/2024_2/kjl29 0 ""
GrupoG |DEBUG GrupoG_tests/e4/2024_2/kjl30 11 "Redeclaração  do identificador [main] detectada na linha [7], declaração prévia na linha [2] "
/home/user

GrupoH

/home/user/GrupoH /home/user
There are 31 tests
GrupoH |DEBUG GrupoH_tests/e4/2024_2/kjl00 10 "Error: Assignment to undeclared variable a on line 3. "
GrupoH |DEBUG GrupoH_tests/e4/2024_2/kjl01 11 "Error: Redeclaration of variable a (int) on line 4: Found previous declaration a (int) on line 3. "
GrupoH |DEBUG GrupoH_tests/e4/2024_2/kjl02 11 "Error: Redeclaration of variable a (float) on line 4: Found previous declaration a (int) on line 3. "
GrupoH |DEBUG GrupoH_tests/e4/2024_2/kjl03 0 ""
GrupoH |DEBUG GrupoH_tests/e4/2024_2/kjl04 11 "Error: Redeclaration of function f > int on line 16: Found previous declaration f > int on line 2. "
GrupoH |DEBUG GrupoH_tests/e4/2024_2/kjl05 11 "Error: Redeclaration of variable a (int) on line 10: Found previous declaration a (int) on line 3. "
GrupoH |DEBUG GrupoH_tests/e4/2024_2/kjl06 0 ""
GrupoH |DEBUG GrupoH_tests/e4/2024_2/kjl07 10 "Error: Using undeclared variable a on line 3. "
GrupoH |DEBUG GrupoH_tests/e4/2024_2/kjl08 11 "Error: Redeclaration of variable b (int) on line 3: Found previous declaration b (int) on line 2. "
GrupoH |DEBUG GrupoH_tests/e4/2024_2/kjl09 10 "Error: Using undeclared variable b on line 4. "
GrupoH |DEBUG GrupoH_tests/e4/2024_2/kjl10 10 "Error: Assignment to undeclared variable a on line 3. "
GrupoH |DEBUG GrupoH_tests/e4/2024_2/kjl11 10 "Error: Assignment to undeclared variable a on line 4. "
GrupoH |DEBUG GrupoH_tests/e4/2024_2/kjl12 10 "Error: Assignment to undeclared variable b on line 3. "
GrupoH |DEBUG GrupoH_tests/e4/2024_2/kjl13 10 "Error: Assignment to undeclared variable a on line 3. "
GrupoH |DEBUG GrupoH_tests/e4/2024_2/kjl14 10 "Error: Assignment to undeclared variable a on line 3. "
GrupoH |DEBUG GrupoH_tests/e4/2024_2/kjl15 10 "Error: Assignment to undeclared variable a on line 4. "
GrupoH |DEBUG GrupoH_tests/e4/2024_2/kjl16 10 "Error: Call to undeclared function g on line 4. "
GrupoH |DEBUG GrupoH_tests/e4/2024_2/kjl17 10 "Error: Call to undeclared function h on line 3. "
GrupoH |DEBUG GrupoH_tests/e4/2024_2/kjl18 11 "Error: Redeclaration of variable a (int) on line 11: Found previous declaration a (int) on line 5. "
GrupoH |DEBUG GrupoH_tests/e4/2024_2/kjl19 0 ""
GrupoH |DEBUG GrupoH_tests/e4/2024_2/kjl20 10 "Error: Assignment to undeclared variable a on line 6. "
GrupoH |DEBUG GrupoH_tests/e4/2024_2/kjl21 10 "Error: Assignment to undeclared variable a on line 6. "
GrupoH |DEBUG GrupoH_tests/e4/2024_2/kjl22 10 "Error: Call to undeclared function g on line 7. "
GrupoH |DEBUG GrupoH_tests/e4/2024_2/kjl23 10 "Error: Assignment to undeclared variable v on line 6. "
GrupoH |DEBUG GrupoH_tests/e4/2024_2/kjl24 11 "Error: Redeclaration of function f > int on line 7: Found previous declaration f > int on line 2. "
GrupoH |DEBUG GrupoH_tests/e4/2024_2/kjl25 10 "Error: Call to undeclared function g on line 10. "
GrupoH |DEBUG GrupoH_tests/e4/2024_2/kjl26 0 ""
GrupoH |DEBUG GrupoH_tests/e4/2024_2/kjl27 11 "Error: Redeclaration of function g > int on line 8: Found previous declaration g > int on line 2. "
GrupoH |DEBUG GrupoH_tests/e4/2024_2/kjl28 11 "Error: Redeclaration of parameter a <- int on line 2: Found previous declaration a <- int on line 2. "
GrupoH |DEBUG GrupoH_tests/e4/2024_2/kjl29 0 ""
GrupoH |DEBUG GrupoH_tests/e4/2024_2/kjl30 11 "Error: Redeclaration of function main > int on line 7: Found previous declaration main > int on line 2. "
/home/user

GrupoJ

/home/user/GrupoJ /home/user
There are 31 tests
GrupoJ |DEBUG GrupoJ_tests/e4/2024_2/kjl00 10 "Erro na linha 3: símbolo não declarado. O símbolo a não foi declarado. "
GrupoJ |DEBUG GrupoJ_tests/e4/2024_2/kjl01 11 "Erro na linha 4: símbolo já declarado. O símbolo a foi previamente declarado na linha 3. "
GrupoJ |DEBUG GrupoJ_tests/e4/2024_2/kjl02 11 "Erro na linha 4: símbolo já declarado. O símbolo a foi previamente declarado na linha 3. "
GrupoJ |DEBUG GrupoJ_tests/e4/2024_2/kjl03 0 ""
GrupoJ |DEBUG GrupoJ_tests/e4/2024_2/kjl04 11 "Erro na linha 16: símbolo já declarado. O símbolo f foi previamente declarado na linha 2. "
GrupoJ |DEBUG GrupoJ_tests/e4/2024_2/kjl05 11 "Erro na linha 10: símbolo já declarado. O símbolo a foi previamente declarado na linha 3. "
GrupoJ |DEBUG GrupoJ_tests/e4/2024_2/kjl06 0 "0x56227e0812a0 [label= g ]; "
GrupoJ |DEBUG GrupoJ_tests/e4/2024_2/kjl07 10 "Erro na linha 3: símbolo não declarado. O símbolo a não foi declarado. "
GrupoJ |DEBUG GrupoJ_tests/e4/2024_2/kjl08 11 "Erro na linha 3: símbolo já declarado. O símbolo b foi previamente declarado na linha 2. "
GrupoJ |DEBUG GrupoJ_tests/e4/2024_2/kjl09 10 "Erro na linha 4: símbolo não declarado. O símbolo b não foi declarado. "
GrupoJ |DEBUG GrupoJ_tests/e4/2024_2/kjl10 10 "Erro na linha 3: símbolo não declarado. O símbolo a não foi declarado. "
GrupoJ |DEBUG GrupoJ_tests/e4/2024_2/kjl11 10 "Erro na linha 4: símbolo não declarado. O símbolo a não foi declarado. "
GrupoJ |DEBUG GrupoJ_tests/e4/2024_2/kjl12 10 "Erro na linha 3: símbolo não declarado. O símbolo b não foi declarado. "
GrupoJ |DEBUG GrupoJ_tests/e4/2024_2/kjl13 10 "Erro na linha 3: símbolo não declarado. O símbolo a não foi declarado. "
GrupoJ |DEBUG GrupoJ_tests/e4/2024_2/kjl14 10 "Erro na linha 3: símbolo não declarado. O símbolo a não foi declarado. "
GrupoJ |DEBUG GrupoJ_tests/e4/2024_2/kjl15 10 "Erro na linha 4: símbolo não declarado. O símbolo a não foi declarado. "
GrupoJ |DEBUG GrupoJ_tests/e4/2024_2/kjl16 10 "Erro na linha 4: símbolo não declarado. O símbolo g não foi declarado. "
GrupoJ |DEBUG GrupoJ_tests/e4/2024_2/kjl17 10 "Erro na linha 3: símbolo não declarado. O símbolo h não foi declarado. "
GrupoJ |DEBUG GrupoJ_tests/e4/2024_2/kjl18 11 "Erro na linha 11: símbolo já declarado. O símbolo a foi previamente declarado na linha 5. "
GrupoJ |DEBUG GrupoJ_tests/e4/2024_2/kjl19 0 "0x55e2389e52a0 [label= f ]; "
GrupoJ |DEBUG GrupoJ_tests/e4/2024_2/kjl20 10 "Erro na linha 6: símbolo não declarado. O símbolo a não foi declarado. "
GrupoJ |DEBUG GrupoJ_tests/e4/2024_2/kjl21 10 "Erro na linha 6: símbolo não declarado. O símbolo a não foi declarado. "
GrupoJ |DEBUG GrupoJ_tests/e4/2024_2/kjl22 10 "Erro na linha 7: símbolo não declarado. O símbolo g não foi declarado. "
GrupoJ |DEBUG GrupoJ_tests/e4/2024_2/kjl23 10 "Erro na linha 6: símbolo não declarado. O símbolo v não foi declarado. "
GrupoJ |DEBUG GrupoJ_tests/e4/2024_2/kjl24 11 "Erro na linha 7: símbolo já declarado. O símbolo f foi previamente declarado na linha 2. "
GrupoJ |DEBUG GrupoJ_tests/e4/2024_2/kjl25 10 "Erro na linha 10: símbolo não declarado. O símbolo g não foi declarado. "
GrupoJ |DEBUG GrupoJ_tests/e4/2024_2/kjl26 0 "0x55741df3f2e0 [label= g ]; "
GrupoJ |DEBUG GrupoJ_tests/e4/2024_2/kjl27 11 "Erro na linha 8: símbolo já declarado. O símbolo g foi previamente declarado na linha 2. "
GrupoJ |DEBUG GrupoJ_tests/e4/2024_2/kjl28 11 "Erro na linha 2: símbolo já declarado. O símbolo a foi previamente declarado na linha 2. "
GrupoJ |DEBUG GrupoJ_tests/e4/2024_2/kjl29 0 "0x5644a52e22a0 [label= f ]; "
GrupoJ |DEBUG GrupoJ_tests/e4/2024_2/kjl30 11 "Erro na linha 7: símbolo já declarado. O símbolo main foi previamente declarado na linha 2. "
/home/user

GrupoK

/home/user/GrupoK /home/user
There are 31 tests
GrupoK |DEBUG GrupoK_tests/e4/2024_2/kjl00 10 "ERRO na linha 3: A variavel a nao foi declarada. "
GrupoK |DEBUG GrupoK_tests/e4/2024_2/kjl01 11 "ERRO na linha 4: O nome a ja esta sendo usado neste escopo. "
GrupoK |DEBUG GrupoK_tests/e4/2024_2/kjl02 11 "ERRO na linha 4: O nome a ja esta sendo usado neste escopo. "
GrupoK |DEBUG GrupoK_tests/e4/2024_2/kjl03 0 "Erro: asd_print recebeu parâmetro tree = (nil). "
GrupoK |DEBUG GrupoK_tests/e4/2024_2/kjl04 0 "0x556c0f5043f0 [label= f ]; "
GrupoK |DEBUG GrupoK_tests/e4/2024_2/kjl05 11 "ERRO na linha 10: O nome a ja esta sendo usado neste escopo. "
GrupoK |DEBUG GrupoK_tests/e4/2024_2/kjl06 0 "0x556a131fb3f0 [label= g ]; "
GrupoK |DEBUG GrupoK_tests/e4/2024_2/kjl07 10 "ERRO na linha 3: A variavel a nao foi declarada. "
GrupoK |DEBUG GrupoK_tests/e4/2024_2/kjl08 11 "ERRO na linha 3: O nome b ja esta sendo usado neste escopo. "
GrupoK |DEBUG GrupoK_tests/e4/2024_2/kjl09 10 "ERRO na linha 4: A variavel b nao foi declarada. "
GrupoK |DEBUG GrupoK_tests/e4/2024_2/kjl10 10 "ERRO na linha 3: A variavel a nao foi declarada. "
GrupoK |DEBUG GrupoK_tests/e4/2024_2/kjl11 10 "ERRO na linha 4: A variavel a nao foi declarada. "
GrupoK |DEBUG GrupoK_tests/e4/2024_2/kjl12 10 "ERRO na linha 3: A variavel b nao foi declarada. "
GrupoK |DEBUG GrupoK_tests/e4/2024_2/kjl13 10 "ERRO na linha 3: A variavel a nao foi declarada. "
GrupoK |DEBUG GrupoK_tests/e4/2024_2/kjl14 10 "ERRO na linha 3: A variavel a nao foi declarada. "
GrupoK |DEBUG GrupoK_tests/e4/2024_2/kjl15 10 "ERRO na linha 4: A variavel a nao foi declarada. "
GrupoK |DEBUG GrupoK_tests/e4/2024_2/kjl16 10 "ERRO na linha 4: A funcao g foi chamada sem ter sido declarada. "
GrupoK |DEBUG GrupoK_tests/e4/2024_2/kjl17 10 "ERRO na linha 3: A funcao h foi chamada sem ter sido declarada. "
GrupoK |DEBUG GrupoK_tests/e4/2024_2/kjl18 11 "ERRO na linha 11: O nome a ja esta sendo usado neste escopo. "
GrupoK |DEBUG GrupoK_tests/e4/2024_2/kjl19 0 "0x5588571cf3f0 [label= f ]; "
GrupoK |DEBUG GrupoK_tests/e4/2024_2/kjl20 10 "ERRO na linha 6: A variavel a nao foi declarada. "
GrupoK |DEBUG GrupoK_tests/e4/2024_2/kjl21 10 "ERRO na linha 6: A variavel a nao foi declarada. "
GrupoK |DEBUG GrupoK_tests/e4/2024_2/kjl22 10 "ERRO na linha 7: A funcao g foi chamada sem ter sido declarada. "
GrupoK |DEBUG GrupoK_tests/e4/2024_2/kjl23 10 "ERRO na linha 6: A variavel v nao foi declarada. "
GrupoK |DEBUG GrupoK_tests/e4/2024_2/kjl24 11 "ERRO na linha 9: O nome b ja esta sendo usado neste escopo. "
GrupoK |DEBUG GrupoK_tests/e4/2024_2/kjl25 10 "ERRO na linha 10: A funcao g foi chamada sem ter sido declarada. "
GrupoK |DEBUG GrupoK_tests/e4/2024_2/kjl26 0 "0x5614a0863490 [label= g ]; "
GrupoK |DEBUG GrupoK_tests/e4/2024_2/kjl27 0 "0x55f7abe2d490 [label= g ]; "
GrupoK |DEBUG GrupoK_tests/e4/2024_2/kjl28 0 "0x55b9ae1775d0 [label= f ]; "
GrupoK |DEBUG GrupoK_tests/e4/2024_2/kjl29 0 "0x558cb3f743f0 [label= f ]; "
GrupoK |DEBUG GrupoK_tests/e4/2024_2/kjl30 0 "0x55be238423f0 [label= main ]; "
/home/user

GrupoL

/home/user/GrupoL /home/user
There are 31 tests
GrupoL |DEBUG GrupoL_tests/e4/2024_2/kjl00 10 "Erro na linha 3, variavel a nao declarada "
GrupoL |DEBUG GrupoL_tests/e4/2024_2/kjl01 11 "Erro na linha 4, identificador a já declarado na linha 3 "
GrupoL |DEBUG GrupoL_tests/e4/2024_2/kjl02 11 "Erro na linha 4, identificador a já declarado na linha 3 "
GrupoL |DEBUG GrupoL_tests/e4/2024_2/kjl03 0 ""
GrupoL |DEBUG GrupoL_tests/e4/2024_2/kjl04 11 "Erro na linha 16, funcao f já declarada na linha 2 "
GrupoL |DEBUG GrupoL_tests/e4/2024_2/kjl05 11 "Erro na linha 10, identificador a já declarado na linha 3 "
GrupoL |DEBUG GrupoL_tests/e4/2024_2/kjl06 0 "0x560a8e845410 [label= g ]; "
GrupoL |DEBUG GrupoL_tests/e4/2024_2/kjl07 10 "Erro na linha 3, variavel a nao declarada "
GrupoL |DEBUG GrupoL_tests/e4/2024_2/kjl08 11 "Erro na linha 3, identificador b já declarado na linha 2 "
GrupoL |DEBUG GrupoL_tests/e4/2024_2/kjl09 10 "Erro na linha 4, variavel b nao declarada "
GrupoL |DEBUG GrupoL_tests/e4/2024_2/kjl10 10 "Erro na linha 3, variavel a nao declarada "
GrupoL |DEBUG GrupoL_tests/e4/2024_2/kjl11 10 "Erro na linha 4, variavel a nao declarada "
GrupoL |DEBUG GrupoL_tests/e4/2024_2/kjl12 10 "Erro na linha 3, variavel b nao declarada "
GrupoL |DEBUG GrupoL_tests/e4/2024_2/kjl13 10 "Erro na linha 3, variavel a nao declarada "
GrupoL |DEBUG GrupoL_tests/e4/2024_2/kjl14 10 "Erro na linha 3, variavel a nao declarada "
GrupoL |DEBUG GrupoL_tests/e4/2024_2/kjl15 10 "Erro na linha 4, variavel a nao declarada "
GrupoL |DEBUG GrupoL_tests/e4/2024_2/kjl16 10 "Erro na linha 4, funcao g nao declarada "
GrupoL |DEBUG GrupoL_tests/e4/2024_2/kjl17 10 "Erro na linha 3, funcao h nao declarada "
GrupoL |DEBUG GrupoL_tests/e4/2024_2/kjl18 11 "Erro na linha 11, identificador a já declarado na linha 5 "
GrupoL |DEBUG GrupoL_tests/e4/2024_2/kjl19 0 "0x5573dfb4b410 [label= f ]; "
GrupoL |DEBUG GrupoL_tests/e4/2024_2/kjl20 10 "Erro na linha 6, variavel a nao declarada "
GrupoL |DEBUG GrupoL_tests/e4/2024_2/kjl21 10 "Erro na linha 6, variavel a nao declarada "
GrupoL |DEBUG GrupoL_tests/e4/2024_2/kjl22 10 "Erro na linha 7, funcao g nao declarada "
GrupoL |DEBUG GrupoL_tests/e4/2024_2/kjl23 10 "Erro na linha 6, variavel v nao declarada "
GrupoL |DEBUG GrupoL_tests/e4/2024_2/kjl24 11 "Erro na linha 7, funcao f já declarada na linha 2 "
GrupoL |DEBUG GrupoL_tests/e4/2024_2/kjl25 10 "Erro na linha 10, funcao g nao declarada "
GrupoL |DEBUG GrupoL_tests/e4/2024_2/kjl26 0 "0x55a760f0d4c0 [label= g ]; "
GrupoL |DEBUG GrupoL_tests/e4/2024_2/kjl27 11 "Erro na linha 8, funcao g já declarada na linha 2 "
GrupoL |DEBUG GrupoL_tests/e4/2024_2/kjl28 11 "Erro na linha 2, parâmetro a já declarado na linha 2 "
GrupoL |DEBUG GrupoL_tests/e4/2024_2/kjl29 0 "0x5614e78ba410 [label= f ]; "
GrupoL |DEBUG GrupoL_tests/e4/2024_2/kjl30 11 "Erro na linha 7, funcao main já declarada na linha 2 "
/home/user

GrupoM

/home/user/GrupoM /home/user
There are 31 tests
GrupoM |DEBUG GrupoM_tests/e4/2024_2/kjl00 10 "Erro na linha 3: A variável a não foi declarada! "
GrupoM |DEBUG GrupoM_tests/e4/2024_2/kjl01 11 "Erro na linha 4: O identificador a já foi declarado na linha 3! "
GrupoM |DEBUG GrupoM_tests/e4/2024_2/kjl02 11 "Erro na linha 4: O identificador a já foi declarado na linha 3! "
GrupoM |DEBUG GrupoM_tests/e4/2024_2/kjl03 0 ""
GrupoM |DEBUG GrupoM_tests/e4/2024_2/kjl04 11 "Erro na linha 16: O identificador f já foi declarado na linha 2! "
GrupoM |DEBUG GrupoM_tests/e4/2024_2/kjl05 11 "Erro na linha 10: O identificador a já foi declarado na linha 3! "
GrupoM |DEBUG GrupoM_tests/e4/2024_2/kjl06 0 "0x557adae81470 [label= g ]; "
GrupoM |DEBUG GrupoM_tests/e4/2024_2/kjl07 10 "Erro na linha 3: A variável a não foi declarada! "
GrupoM |DEBUG GrupoM_tests/e4/2024_2/kjl08 11 "Erro na linha 3: O identificador b já foi declarado na linha 2! "
GrupoM |DEBUG GrupoM_tests/e4/2024_2/kjl09 10 "Erro na linha 4: A variável b não foi declarada! "
GrupoM |DEBUG GrupoM_tests/e4/2024_2/kjl10 10 "Erro na linha 3: A variável a não foi declarada! "
GrupoM |DEBUG GrupoM_tests/e4/2024_2/kjl11 10 "Erro na linha 4: A variável a não foi declarada! "
GrupoM |DEBUG GrupoM_tests/e4/2024_2/kjl12 10 "Erro na linha 3: A variável b não foi declarada! "
GrupoM |DEBUG GrupoM_tests/e4/2024_2/kjl13 10 "Erro na linha 3: A variável a não foi declarada! "
GrupoM |DEBUG GrupoM_tests/e4/2024_2/kjl14 10 "Erro na linha 3: A variável a não foi declarada! "
GrupoM |DEBUG GrupoM_tests/e4/2024_2/kjl15 10 "Erro na linha 4: A variável a não foi declarada! "
GrupoM |DEBUG GrupoM_tests/e4/2024_2/kjl16 10 "Erro na linha 4: A função g não foi declarada! "
GrupoM |DEBUG GrupoM_tests/e4/2024_2/kjl17 10 "Erro na linha 3: A função h não foi declarada! "
GrupoM |DEBUG GrupoM_tests/e4/2024_2/kjl18 11 "Erro na linha 11: O identificador a já foi declarado na linha 5! "
GrupoM |DEBUG GrupoM_tests/e4/2024_2/kjl19 0 "0x55e4c9c0d470 [label= f ]; "
GrupoM |DEBUG GrupoM_tests/e4/2024_2/kjl20 10 "Erro na linha 6: A variável a não foi declarada! "
GrupoM |DEBUG GrupoM_tests/e4/2024_2/kjl21 10 "Erro na linha 6: A variável a não foi declarada! "
GrupoM |DEBUG GrupoM_tests/e4/2024_2/kjl22 10 "Erro na linha 7: A função g não foi declarada! "
GrupoM |DEBUG GrupoM_tests/e4/2024_2/kjl23 10 "Erro na linha 6: A variável v não foi declarada! "
GrupoM |DEBUG GrupoM_tests/e4/2024_2/kjl24 11 "Erro na linha 7: O identificador f já foi declarado na linha 2! "
GrupoM |DEBUG GrupoM_tests/e4/2024_2/kjl25 10 "Erro na linha 10: A função g não foi declarada! "
GrupoM |DEBUG GrupoM_tests/e4/2024_2/kjl26 0 "0x556acdd10510 [label= g ]; "
GrupoM |DEBUG GrupoM_tests/e4/2024_2/kjl27 11 "Erro na linha 8: O identificador g já foi declarado na linha 2! "
GrupoM |DEBUG GrupoM_tests/e4/2024_2/kjl28 11 "Erro na linha 2: O identificador a já foi declarado na linha 2! "
GrupoM |DEBUG GrupoM_tests/e4/2024_2/kjl29 0 "0x56473ccbb470 [label= f ]; "
GrupoM |DEBUG GrupoM_tests/e4/2024_2/kjl30 11 "Erro na linha 7: O identificador main já foi declarado na linha 2! "
/home/user

GrupoN

/home/user/GrupoN /home/user
There are 31 tests
GrupoN |DEBUG GrupoN_tests/e4/2024_2/kjl00 139 "Segmentation fault"
GrupoN |DEBUG GrupoN_tests/e4/2024_2/kjl01 0 ""
GrupoN |DEBUG GrupoN_tests/e4/2024_2/kjl02 0 ""
GrupoN |DEBUG GrupoN_tests/e4/2024_2/kjl03 0 ""
GrupoN |DEBUG GrupoN_tests/e4/2024_2/kjl04 0 ""
GrupoN |DEBUG GrupoN_tests/e4/2024_2/kjl05 0 ""
GrupoN |DEBUG GrupoN_tests/e4/2024_2/kjl06 0 ""
GrupoN |DEBUG GrupoN_tests/e4/2024_2/kjl07 139 "Segmentation fault"
GrupoN |DEBUG GrupoN_tests/e4/2024_2/kjl08 0 ""
GrupoN |DEBUG GrupoN_tests/e4/2024_2/kjl09 139 "Segmentation fault"
GrupoN |DEBUG GrupoN_tests/e4/2024_2/kjl10 139 "Segmentation fault"
GrupoN |DEBUG GrupoN_tests/e4/2024_2/kjl11 139 "Segmentation fault"
GrupoN |DEBUG GrupoN_tests/e4/2024_2/kjl12 139 "Segmentation fault"
GrupoN |DEBUG GrupoN_tests/e4/2024_2/kjl13 139 "Segmentation fault"
GrupoN |DEBUG GrupoN_tests/e4/2024_2/kjl14 139 "Segmentation fault"
GrupoN |DEBUG GrupoN_tests/e4/2024_2/kjl15 139 "Segmentation fault"
GrupoN |DEBUG GrupoN_tests/e4/2024_2/kjl16 0 ""
GrupoN |DEBUG GrupoN_tests/e4/2024_2/kjl17 0 ""
GrupoN |DEBUG GrupoN_tests/e4/2024_2/kjl18 0 ""
GrupoN |DEBUG GrupoN_tests/e4/2024_2/kjl19 0 ""
GrupoN |DEBUG GrupoN_tests/e4/2024_2/kjl20 139 "Segmentation fault"
GrupoN |DEBUG GrupoN_tests/e4/2024_2/kjl21 139 "Segmentation fault"
GrupoN |DEBUG GrupoN_tests/e4/2024_2/kjl22 0 ""
GrupoN |DEBUG GrupoN_tests/e4/2024_2/kjl23 139 "Segmentation fault"
GrupoN |DEBUG GrupoN_tests/e4/2024_2/kjl24 0 ""
GrupoN |DEBUG GrupoN_tests/e4/2024_2/kjl25 0 ""
GrupoN |DEBUG GrupoN_tests/e4/2024_2/kjl26 0 ""
GrupoN |DEBUG GrupoN_tests/e4/2024_2/kjl27 0 ""
GrupoN |DEBUG GrupoN_tests/e4/2024_2/kjl28 0 ""
GrupoN |DEBUG GrupoN_tests/e4/2024_2/kjl29 139 "Segmentation fault"
GrupoN |DEBUG GrupoN_tests/e4/2024_2/kjl30 0 ""
/home/user

GrupoO

/home/user/GrupoO /home/user
There are 31 tests
GrupoO |DEBUG GrupoO_tests/e4/2024_2/kjl00 10 "SEMANTIC ERROR: Attempted attribution operation with undeclared symbol a in line 3. "
GrupoO |DEBUG GrupoO_tests/e4/2024_2/kjl01 11 "SEMANTIC ERROR: Attempted to declare symbol a in line 4, but it is already declared in line 3 (nested scope level 2). "
GrupoO |DEBUG GrupoO_tests/e4/2024_2/kjl02 11 "SEMANTIC ERROR: Attempted to declare symbol a in line 4, but it is already declared in line 3 (nested scope level 2). "
GrupoO |DEBUG GrupoO_tests/e4/2024_2/kjl03 0 ""
GrupoO |DEBUG GrupoO_tests/e4/2024_2/kjl04 11 "SEMANTIC ERROR: Attempted to declare symbol f in line 16, but it is already declared in line 2 (global scope). "
GrupoO |DEBUG GrupoO_tests/e4/2024_2/kjl05 11 "SEMANTIC ERROR: Attempted to declare symbol a in line 10, but it is already declared in line 3 (nested scope level 2). "
GrupoO |DEBUG GrupoO_tests/e4/2024_2/kjl06 134 "Double free detected"
GrupoO |DEBUG GrupoO_tests/e4/2024_2/kjl07 10 "SEMANTIC ERROR: Attempted attribution operation with undeclared symbol a in line 3. "
GrupoO |DEBUG GrupoO_tests/e4/2024_2/kjl08 11 "SEMANTIC ERROR: Attempted to declare symbol b in line 3, but it is already declared in line 2 (nested scope level 2). "
GrupoO |DEBUG GrupoO_tests/e4/2024_2/kjl09 10 "SEMANTIC ERROR: Attempted attribution operation with undeclared symbol b in line 4. "
GrupoO |DEBUG GrupoO_tests/e4/2024_2/kjl10 10 "SEMANTIC ERROR: Attempted attribution operation with undeclared symbol a in line 3. "
GrupoO |DEBUG GrupoO_tests/e4/2024_2/kjl11 10 "SEMANTIC ERROR: Attempted attribution operation with undeclared symbol a in line 4. "
GrupoO |DEBUG GrupoO_tests/e4/2024_2/kjl12 10 "SEMANTIC ERROR: Attempted attribution operation with undeclared symbol b in line 3. "
GrupoO |DEBUG GrupoO_tests/e4/2024_2/kjl13 10 "SEMANTIC ERROR: Attempted attribution operation with undeclared symbol a in line 3. "
GrupoO |DEBUG GrupoO_tests/e4/2024_2/kjl14 10 "SEMANTIC ERROR: Attempted attribution operation with undeclared symbol a in line 3. "
GrupoO |DEBUG GrupoO_tests/e4/2024_2/kjl15 10 "SEMANTIC ERROR: Attempted attribution operation with undeclared symbol a in line 4. "
GrupoO |DEBUG GrupoO_tests/e4/2024_2/kjl16 10 "SEMANTIC ERROR: Attempted attribution operation with undeclared symbol g in line 4. "
GrupoO |DEBUG GrupoO_tests/e4/2024_2/kjl17 10 "SEMANTIC ERROR: Attempted attribution operation with undeclared symbol h in line 3. "
GrupoO |DEBUG GrupoO_tests/e4/2024_2/kjl18 11 "SEMANTIC ERROR: Attempted to declare symbol a in line 5, but it is already declared in line 3 (nested scope level 2). "
GrupoO |DEBUG GrupoO_tests/e4/2024_2/kjl19 11 "SEMANTIC ERROR: Attempted to declare symbol a in line 6, but it is already declared in line 3 (nested scope level 2). "
GrupoO |DEBUG GrupoO_tests/e4/2024_2/kjl20 10 "SEMANTIC ERROR: Attempted attribution operation with undeclared symbol a in line 6. "
GrupoO |DEBUG GrupoO_tests/e4/2024_2/kjl21 10 "SEMANTIC ERROR: Attempted attribution operation with undeclared symbol a in line 6. "
GrupoO |DEBUG GrupoO_tests/e4/2024_2/kjl22 10 "SEMANTIC ERROR: Attempted attribution operation with undeclared symbol g in line 7. "
GrupoO |DEBUG GrupoO_tests/e4/2024_2/kjl23 10 "SEMANTIC ERROR: Attempted attribution operation with undeclared symbol v in line 6. "
GrupoO |DEBUG GrupoO_tests/e4/2024_2/kjl24 11 "SEMANTIC ERROR: Attempted to declare symbol f in line 7, but it is already declared in line 2 (global scope). "
GrupoO |DEBUG GrupoO_tests/e4/2024_2/kjl25 10 "SEMANTIC ERROR: Attempted attribution operation with undeclared symbol g in line 10. "
GrupoO |DEBUG GrupoO_tests/e4/2024_2/kjl26 134 "Double free detected"
GrupoO |DEBUG GrupoO_tests/e4/2024_2/kjl27 11 "SEMANTIC ERROR: Attempted to declare symbol g in line 8, but it is already declared in line 2 (global scope). "
GrupoO |DEBUG GrupoO_tests/e4/2024_2/kjl28 11 "SEMANTIC ERROR: Attempted to declare symbol a in line 2, but it is already declared in line 2 (nested scope level 2). "
GrupoO |DEBUG GrupoO_tests/e4/2024_2/kjl29 134 "Double free detected"
GrupoO |DEBUG GrupoO_tests/e4/2024_2/kjl30 11 "SEMANTIC ERROR: Attempted to declare symbol main in line 4, but it is already declared in line 2 (global scope). "
/home/user

GrupoP

/home/user/GrupoP /home/user
There are 31 tests
GrupoP |DEBUG GrupoP_tests/e4/2024_2/kjl00 10 "Line 3: semantic error, Identifier a was not declared. "
GrupoP |DEBUG GrupoP_tests/e4/2024_2/kjl01 11 "Line 4: semantic error, Identifier a was already declared on line 3. "
GrupoP |DEBUG GrupoP_tests/e4/2024_2/kjl02 11 "Line 4: semantic error, Identifier a was already declared on line 3. "
GrupoP |DEBUG GrupoP_tests/e4/2024_2/kjl03 0 ""
GrupoP |DEBUG GrupoP_tests/e4/2024_2/kjl04 11 "Line 16: semantic error, Function f was already declared on line 2. "
GrupoP |DEBUG GrupoP_tests/e4/2024_2/kjl05 11 "Line 10: semantic error, Identifier a was already declared on line 3. "
GrupoP |DEBUG GrupoP_tests/e4/2024_2/kjl06 0 ""
GrupoP |DEBUG GrupoP_tests/e4/2024_2/kjl07 10 "Line 3: semantic error, Identifier a was not declared. "
GrupoP |DEBUG GrupoP_tests/e4/2024_2/kjl08 11 "Line 3: semantic error, Identifier b was already declared on line 2. "
GrupoP |DEBUG GrupoP_tests/e4/2024_2/kjl09 10 "Line 4: semantic error, Identifier b was not declared. "
GrupoP |DEBUG GrupoP_tests/e4/2024_2/kjl10 10 "Line 3: semantic error, Identifier a was not declared. "
GrupoP |DEBUG GrupoP_tests/e4/2024_2/kjl11 10 "Line 4: semantic error, Identifier a was not declared. "
GrupoP |DEBUG GrupoP_tests/e4/2024_2/kjl12 10 "Line 3: semantic error, Identifier b was not declared. "
GrupoP |DEBUG GrupoP_tests/e4/2024_2/kjl13 10 "Line 3: semantic error, Identifier a was not declared. "
GrupoP |DEBUG GrupoP_tests/e4/2024_2/kjl14 10 "Line 3: semantic error, Identifier a was not declared. "
GrupoP |DEBUG GrupoP_tests/e4/2024_2/kjl15 10 "Line 4: semantic error, Identifier a was not declared. "
GrupoP |DEBUG GrupoP_tests/e4/2024_2/kjl16 10 "Line 4: semantic error, Function g was not declared. "
GrupoP |DEBUG GrupoP_tests/e4/2024_2/kjl17 10 "Line 3: semantic error, Function h was not declared. "
GrupoP |DEBUG GrupoP_tests/e4/2024_2/kjl18 11 "Line 11: semantic error, Identifier a was already declared on line 5. "
GrupoP |DEBUG GrupoP_tests/e4/2024_2/kjl19 0 ""
GrupoP |DEBUG GrupoP_tests/e4/2024_2/kjl20 10 "Line 6: semantic error, Identifier a was not declared. "
GrupoP |DEBUG GrupoP_tests/e4/2024_2/kjl21 10 "Line 6: semantic error, Identifier a was not declared. "
GrupoP |DEBUG GrupoP_tests/e4/2024_2/kjl22 10 "Line 7: semantic error, Function g was not declared. "
GrupoP |DEBUG GrupoP_tests/e4/2024_2/kjl23 10 "Line 6: semantic error, Identifier v was not declared. "
GrupoP |DEBUG GrupoP_tests/e4/2024_2/kjl24 11 "Line 7: semantic error, Function f was already declared on line 2. "
GrupoP |DEBUG GrupoP_tests/e4/2024_2/kjl25 10 "Line 10: semantic error, Function g was not declared. "
GrupoP |DEBUG GrupoP_tests/e4/2024_2/kjl26 0 ""
GrupoP |DEBUG GrupoP_tests/e4/2024_2/kjl27 11 "Line 8: semantic error, Function g was already declared on line 2. "
GrupoP |DEBUG GrupoP_tests/e4/2024_2/kjl28 11 "Line 2: semantic error, Identifier a was already declared on line 2. "
GrupoP |DEBUG GrupoP_tests/e4/2024_2/kjl29 0 ""
GrupoP |DEBUG GrupoP_tests/e4/2024_2/kjl30 11 "Line 7: semantic error, Function main was already declared on line 2. "
/home/user

GrupoR

/home/user/GrupoR /home/user
There are 31 tests
GrupoR |DEBUG GrupoR_tests/e4/2024_2/kjl00 10 "Semantic error (line 3): identifier a not declared. "
GrupoR |DEBUG GrupoR_tests/e4/2024_2/kjl01 11 "Semantic error (line 4): identifier a already declared in the current scope. "
GrupoR |DEBUG GrupoR_tests/e4/2024_2/kjl02 11 "Semantic error (line 4): identifier a already declared in the current scope. "
GrupoR |DEBUG GrupoR_tests/e4/2024_2/kjl03 0 ""
GrupoR |DEBUG GrupoR_tests/e4/2024_2/kjl04 11 "Semantic error (line 16): identifier f already declared in the current scope. "
GrupoR |DEBUG GrupoR_tests/e4/2024_2/kjl05 11 "Semantic error (line 10): identifier a already declared in the current scope. "
GrupoR |DEBUG GrupoR_tests/e4/2024_2/kjl06 0 ""
GrupoR |DEBUG GrupoR_tests/e4/2024_2/kjl07 10 "Semantic error (line 3): identifier a not declared. "
GrupoR |DEBUG GrupoR_tests/e4/2024_2/kjl08 11 "Semantic error (line 3): identifier b already declared in the current scope. "
GrupoR |DEBUG GrupoR_tests/e4/2024_2/kjl09 10 "Semantic error (line 4): identifier b not declared. "
GrupoR |DEBUG GrupoR_tests/e4/2024_2/kjl10 10 "Semantic error (line 3): identifier a not declared. "
GrupoR |DEBUG GrupoR_tests/e4/2024_2/kjl11 10 "Semantic error (line 4): identifier a not declared. "
GrupoR |DEBUG GrupoR_tests/e4/2024_2/kjl12 10 "Semantic error (line 3): identifier b not declared. "
GrupoR |DEBUG GrupoR_tests/e4/2024_2/kjl13 10 "Semantic error (line 3): identifier a not declared. "
GrupoR |DEBUG GrupoR_tests/e4/2024_2/kjl14 10 "Semantic error (line 3): identifier a not declared. "
GrupoR |DEBUG GrupoR_tests/e4/2024_2/kjl15 10 "Semantic error (line 4): identifier a not declared. "
GrupoR |DEBUG GrupoR_tests/e4/2024_2/kjl16 10 "Semantic error (line 4): identifier g not declared. "
GrupoR |DEBUG GrupoR_tests/e4/2024_2/kjl17 10 "Semantic error (line 3): identifier h not declared. "
GrupoR |DEBUG GrupoR_tests/e4/2024_2/kjl18 11 "Semantic error (line 11): identifier a already declared in the current scope. "
GrupoR |DEBUG GrupoR_tests/e4/2024_2/kjl19 0 ""
GrupoR |DEBUG GrupoR_tests/e4/2024_2/kjl20 10 "Semantic error (line 6): identifier a not declared. "
GrupoR |DEBUG GrupoR_tests/e4/2024_2/kjl21 10 "Semantic error (line 6): identifier a not declared. "
GrupoR |DEBUG GrupoR_tests/e4/2024_2/kjl22 10 "Semantic error (line 7): identifier g not declared. "
GrupoR |DEBUG GrupoR_tests/e4/2024_2/kjl23 10 "Semantic error (line 6): identifier v not declared. "
GrupoR |DEBUG GrupoR_tests/e4/2024_2/kjl24 11 "Semantic error (line 7): identifier f already declared in the current scope. "
GrupoR |DEBUG GrupoR_tests/e4/2024_2/kjl25 10 "Semantic error (line 10): identifier g not declared. "
GrupoR |DEBUG GrupoR_tests/e4/2024_2/kjl26 0 ""
GrupoR |DEBUG GrupoR_tests/e4/2024_2/kjl27 11 "Semantic error (line 8): identifier g already declared in the current scope. "
GrupoR |DEBUG GrupoR_tests/e4/2024_2/kjl28 11 "Semantic error (line 2): identifier a already declared in the current scope. "
GrupoR |DEBUG GrupoR_tests/e4/2024_2/kjl29 0 ""
GrupoR |DEBUG GrupoR_tests/e4/2024_2/kjl30 11 "Semantic error (line 7): identifier main already declared in the current scope. "
/home/user

GrupoS

/home/user/GrupoS /home/user
There are 31 tests
GrupoS |DEBUG GrupoS_tests/e4/2024_2/kjl00 10 "Erro na linha 3, atribuição feita para variável não declarada "
GrupoS |DEBUG GrupoS_tests/e4/2024_2/kjl01 11 "Erro na linha 4, identificador a já foi declarado na linha 4"
GrupoS |DEBUG GrupoS_tests/e4/2024_2/kjl02 11 "Erro na linha 4, identificador a já foi declarado na linha 4"
GrupoS |DEBUG GrupoS_tests/e4/2024_2/kjl03 0 ""
GrupoS |DEBUG GrupoS_tests/e4/2024_2/kjl04 11 "Erro na linha 16, identificador f já declarado na linha 2 "
GrupoS |DEBUG GrupoS_tests/e4/2024_2/kjl05 11 "Erro na linha 10, identificador a já foi declarado na linha 10"
GrupoS |DEBUG GrupoS_tests/e4/2024_2/kjl06 0 "  0x5636a7bd83f0 [label= g ]; "
GrupoS |DEBUG GrupoS_tests/e4/2024_2/kjl07 10 "Erro na linha 3, operador a não declarado "
GrupoS |DEBUG GrupoS_tests/e4/2024_2/kjl08 11 "Erro na linha 3, identificador b já foi declarado na linha 3"
GrupoS |DEBUG GrupoS_tests/e4/2024_2/kjl09 10 "Erro na linha 4, operador b não declarado "
GrupoS |DEBUG GrupoS_tests/e4/2024_2/kjl10 10 "Erro na linha 3, atribuição feita para variável não declarada "
GrupoS |DEBUG GrupoS_tests/e4/2024_2/kjl11 10 "Erro na linha 4, atribuição feita para variável não declarada "
GrupoS |DEBUG GrupoS_tests/e4/2024_2/kjl12 10 "Erro na linha 3, atribuição feita para variável não declarada "
GrupoS |DEBUG GrupoS_tests/e4/2024_2/kjl13 10 "Erro na linha 3, atribuição feita para variável não declarada "
GrupoS |DEBUG GrupoS_tests/e4/2024_2/kjl14 10 "Erro na linha 3, atribuição feita para variável não declarada "
GrupoS |DEBUG GrupoS_tests/e4/2024_2/kjl15 10 "Erro na linha 4, atribuição feita para variável não declarada "
GrupoS |DEBUG GrupoS_tests/e4/2024_2/kjl16 10 "Erro na linha 4, função g não existe "
GrupoS |DEBUG GrupoS_tests/e4/2024_2/kjl17 10 "Erro na linha 3, função h não existe "
GrupoS |DEBUG GrupoS_tests/e4/2024_2/kjl18 11 "Erro na linha 11, identificador a já foi declarado na linha 11"
GrupoS |DEBUG GrupoS_tests/e4/2024_2/kjl19 0 "  0x55eb922f03f0 [label= f ]; "
GrupoS |DEBUG GrupoS_tests/e4/2024_2/kjl20 10 "Erro na linha 6, atribuição feita para variável não declarada "
GrupoS |DEBUG GrupoS_tests/e4/2024_2/kjl21 10 "Erro na linha 6, atribuição feita para variável não declarada "
GrupoS |DEBUG GrupoS_tests/e4/2024_2/kjl22 10 "Erro na linha 7, função g não existe "
GrupoS |DEBUG GrupoS_tests/e4/2024_2/kjl23 10 "Erro na linha 6, atribuição feita para variável não declarada "
GrupoS |DEBUG GrupoS_tests/e4/2024_2/kjl24 11 "Erro na linha 7, identificador f já declarado na linha 2 "
GrupoS |DEBUG GrupoS_tests/e4/2024_2/kjl25 10 "Erro na linha 10, função g não existe "
GrupoS |DEBUG GrupoS_tests/e4/2024_2/kjl26 0 "  0x558d98c59490 [label= g ]; "
GrupoS |DEBUG GrupoS_tests/e4/2024_2/kjl27 11 "Erro na linha 8, identificador g já declarado na linha 2 "
GrupoS |DEBUG GrupoS_tests/e4/2024_2/kjl28 11 "Erro na linha 2, parâmetro a já declarado"
GrupoS |DEBUG GrupoS_tests/e4/2024_2/kjl29 0 "  0x55e2409203f0 [label= f ]; "
GrupoS |DEBUG GrupoS_tests/e4/2024_2/kjl30 11 "Erro na linha 7, identificador main já declarado na linha 2 "
/home/user

GrupoT

/home/user/GrupoT /home/user
There are 31 tests
GrupoT |DEBUG GrupoT_tests/e4/2024_2/kjl00 10 "Erro semântico na linha 3: identificador a não declarado "
GrupoT |DEBUG GrupoT_tests/e4/2024_2/kjl01 11 "Erro semântico na linha 4: identificador a já declarado anteriormente na linha 3 "
GrupoT |DEBUG GrupoT_tests/e4/2024_2/kjl02 11 "Erro semântico na linha 4: identificador a já declarado anteriormente na linha 3 "
GrupoT |DEBUG GrupoT_tests/e4/2024_2/kjl03 0 " "
GrupoT |DEBUG GrupoT_tests/e4/2024_2/kjl04 11 "Erro semântico na linha 16: identificador f já declarado anteriormente na linha 2 "
GrupoT |DEBUG GrupoT_tests/e4/2024_2/kjl05 11 "Erro semântico na linha 10: identificador a já declarado anteriormente na linha 3 "
GrupoT |DEBUG GrupoT_tests/e4/2024_2/kjl06 0 "0x557f64db5460, 0x557f64db5630 "
GrupoT |DEBUG GrupoT_tests/e4/2024_2/kjl07 10 "Erro semântico na linha 3: identificador a não declarado "
GrupoT |DEBUG GrupoT_tests/e4/2024_2/kjl08 11 "Erro semântico na linha 3: identificador b já declarado anteriormente na linha 2 "
GrupoT |DEBUG GrupoT_tests/e4/2024_2/kjl09 10 "Erro semântico na linha 4: identificador b não declarado "
GrupoT |DEBUG GrupoT_tests/e4/2024_2/kjl10 10 "Erro semântico na linha 3: identificador a não declarado "
GrupoT |DEBUG GrupoT_tests/e4/2024_2/kjl11 10 "Erro semântico na linha 4: identificador a não declarado "
GrupoT |DEBUG GrupoT_tests/e4/2024_2/kjl12 10 "Erro semântico na linha 3: identificador b não declarado "
GrupoT |DEBUG GrupoT_tests/e4/2024_2/kjl13 10 "Erro semântico na linha 3: identificador a não declarado "
GrupoT |DEBUG GrupoT_tests/e4/2024_2/kjl14 10 "Erro semântico na linha 3: identificador a não declarado "
GrupoT |DEBUG GrupoT_tests/e4/2024_2/kjl15 10 "Erro semântico na linha 4: identificador a não declarado "
GrupoT |DEBUG GrupoT_tests/e4/2024_2/kjl16 10 "Erro semântico na linha 4: identificador g não declarado "
GrupoT |DEBUG GrupoT_tests/e4/2024_2/kjl17 10 "Erro semântico na linha 3: identificador h não declarado "
GrupoT |DEBUG GrupoT_tests/e4/2024_2/kjl18 11 "Erro semântico na linha 11: identificador a já declarado anteriormente na linha 5 "
GrupoT |DEBUG GrupoT_tests/e4/2024_2/kjl19 0 "0x5568a8721460, 0x5568a8721b50 "
GrupoT |DEBUG GrupoT_tests/e4/2024_2/kjl20 10 "Erro semântico na linha 6: identificador a não declarado "
GrupoT |DEBUG GrupoT_tests/e4/2024_2/kjl21 10 "Erro semântico na linha 6: identificador a não declarado "
GrupoT |DEBUG GrupoT_tests/e4/2024_2/kjl22 10 "Erro semântico na linha 7: identificador g não declarado "
GrupoT |DEBUG GrupoT_tests/e4/2024_2/kjl23 10 "Erro semântico na linha 6: identificador v não declarado "
GrupoT |DEBUG GrupoT_tests/e4/2024_2/kjl24 11 "Erro semântico na linha 7: identificador f já declarado anteriormente na linha 2 "
GrupoT |DEBUG GrupoT_tests/e4/2024_2/kjl25 10 "Erro semântico na linha 10: identificador g não declarado "
GrupoT |DEBUG GrupoT_tests/e4/2024_2/kjl26 0 "0x55e60c7465c0, 0x55e60c746790 "
GrupoT |DEBUG GrupoT_tests/e4/2024_2/kjl27 11 "Erro semântico na linha 8: identificador g já declarado anteriormente na linha 2 "
GrupoT |DEBUG GrupoT_tests/e4/2024_2/kjl28 11 "Erro semântico na linha 2: identificador a já declarado anteriormente na linha 2 "
GrupoT |DEBUG GrupoT_tests/e4/2024_2/kjl29 0 "0x55556c4d6460, 0x55556c4d68b0 "
GrupoT |DEBUG GrupoT_tests/e4/2024_2/kjl30 11 "Erro semântico na linha 7: identificador main já declarado anteriormente na linha 2 "
/home/user
