GrupoA kjl00 10 "(ERRO) linha 3: "
GrupoA kjl01 11 "(ERRO) linha 4: "
GrupoA kjl02 11 "(ERRO) linha 4: "
GrupoA kjl03 0 ""
GrupoA kjl04 11 "____________________________ "
GrupoA kjl05 11 "____________________________ "
GrupoA kjl06 0 "____________________________ "
GrupoA kjl07 10 "(ERRO) linha 3: "
GrupoA kjl08 11 "(ERRO) linha 3: "
GrupoA kjl09 10 "(ERRO) linha 4: "
GrupoA kjl10 10 "(ERRO) linha 3: "
GrupoA kjl11 10 "(ERRO) linha 4: "
GrupoA kjl12 10 "(ERRO) linha 3: "
GrupoA kjl13 10 "(ERRO) linha 3: "
GrupoA kjl14 10 "(ERRO) linha 3: "
GrupoA kjl15 10 "(ERRO) linha 4: "
GrupoA kjl16 10 "(ERRO) linha 4: "
GrupoA kjl17 10 "(ERRO) linha 3: "
GrupoA kjl18 11 "____________________________ "
GrupoA kjl19 0 "____________________________ "
GrupoA kjl20 10 "(ERRO) linha 6: "
GrupoA kjl21 10 "(ERRO) linha 6: "
GrupoA kjl22 10 "(ERRO) linha 7: "
GrupoA kjl23 10 "(ERRO) linha 6: "
GrupoA kjl24 11 "____________________________ "
GrupoA kjl25 10 "____________________________ "
GrupoA kjl26 0 "____________________________ "
GrupoA kjl27 11 "____________________________ "
GrupoA kjl28 11 "(ERRO) linha 2: "
GrupoA kjl29 0 "____________________________ "
GrupoA kjl30 11 "____________________________ "
GrupoB kjl00 10 "Error at line 3: Undeclared variable  a  "
GrupoB kjl01 11 "Error at line 4: Variable  a  already declared at line 3 "
GrupoB kjl02 11 "Error at line 4: Variable  a  already declared at line 3 "
GrupoB kjl03 0 "Erro: asd_print_graphviz recebeu parâmetro tree = (nil). "
GrupoB kjl04 11 "Error at line 16: Function  f  already declared at line 2 "
GrupoB kjl05 11 "Error at line 10: Variable  a  already declared at line 3 "
GrupoB kjl06 0 ""
GrupoB kjl07 10 "Error at line 3: Undeclared variable  a  "
GrupoB kjl08 11 "Error at line 3: Variable  b  already declared at line 2 "
GrupoB kjl09 10 "Error at line 4: Undeclared variable  b  "
GrupoB kjl10 10 "Error at line 3: Undeclared variable  a  "
GrupoB kjl11 10 "Error at line 4: Undeclared variable  a  "
GrupoB kjl12 10 "Error at line 3: Undeclared variable  b  "
GrupoB kjl13 10 "Error at line 3: Undeclared variable  a  "
GrupoB kjl14 10 "Error at line 3: Undeclared variable  a  "
GrupoB kjl15 10 "Error at line 4: Undeclared variable  a  "
GrupoB kjl16 10 "Error at line 4: Undeclared function  g  "
GrupoB kjl17 10 "Error at line 3: Undeclared function  h  "
GrupoB kjl18 11 "Error at line 11: Variable  a  already declared at line 5 "
GrupoB kjl19 0 ""
GrupoB kjl20 10 "Error at line 6: Undeclared variable  a  "
GrupoB kjl21 10 "Error at line 6: Undeclared variable  a  "
GrupoB kjl22 10 "Error at line 7: Undeclared function  g  "
GrupoB kjl23 10 "Error at line 6: Undeclared variable  v  "
GrupoB kjl24 11 "Error at line 7: Function  f  already declared at line 2 "
GrupoB kjl25 10 "Error at line 10: Undeclared function  g  "
GrupoB kjl26 0 ""
GrupoB kjl27 11 "Error at line 8: Function  g  already declared at line 2 "
GrupoB kjl28 11 "Error at line 2: Variable  a  already declared at line 2 "
GrupoB kjl29 0 ""
GrupoB kjl30 11 "Error at line 7: Function  main  already declared at line 2 "
GrupoC kjl00 10 "ERROR - Linha 3: Identificador  a  referido na linha 3 não declarado. "
GrupoC kjl01 11 "ERROR - Linha 4: Variável de nome  a  já declarada na linha 3. "
GrupoC kjl02 11 "ERROR - Linha 4: Variável de nome  a  já declarada na linha 3. "
GrupoC kjl03 0 ""
GrupoC kjl04 11 "ERROR - Linha 16: Função de nome  f  já declarada na linha 2. "
GrupoC kjl05 11 "ERROR - Linha 10: Variável de nome  a  já declarada na linha 3. "
GrupoC kjl06 0 ""
GrupoC kjl07 10 "ERROR - Linha 3: Identificador  a  referido na linha 3 não declarado. "
GrupoC kjl08 11 "ERROR - Linha 3: Variável de nome  b  já declarada na linha 2. "
GrupoC kjl09 10 "ERROR - Linha 4: Identificador  b  referido na linha 4 não declarado. "
GrupoC kjl10 10 "ERROR - Linha 3: Identificador  a  referido na linha 3 não declarado. "
GrupoC kjl11 10 "ERROR - Linha 4: Identificador  a  referido na linha 4 não declarado. "
GrupoC kjl12 10 "ERROR - Linha 3: Identificador  b  referido na linha 3 não declarado. "
GrupoC kjl13 10 "ERROR - Linha 3: Identificador  a  referido na linha 3 não declarado. "
GrupoC kjl14 10 "ERROR - Linha 3: Identificador  a  referido na linha 3 não declarado. "
GrupoC kjl15 10 "ERROR - Linha 4: Identificador  a  referido na linha 4 não declarado. "
GrupoC kjl16 10 "ERROR - Linha 4: Identificador  g  referido na linha 4 não declarado. "
GrupoC kjl17 10 "ERROR - Linha 3: Identificador  h  referido na linha 3 não declarado. "
GrupoC kjl18 11 "ERROR - Linha 11: Variável de nome  a  já declarada na linha 5. "
GrupoC kjl19 0 ""
GrupoC kjl20 10 "ERROR - Linha 6: Identificador  a  referido na linha 6 não declarado. "
GrupoC kjl21 10 "ERROR - Linha 6: Identificador  a  referido na linha 6 não declarado. "
GrupoC kjl22 10 "ERROR - Linha 7: Identificador  g  referido na linha 7 não declarado. "
GrupoC kjl23 10 "ERROR - Linha 6: Identificador  v  referido na linha 6 não declarado. "
GrupoC kjl24 11 "ERROR - Linha 7: Função de nome  f  já declarada na linha 2. "
GrupoC kjl25 10 "ERROR - Linha 10: Identificador  g  referido na linha 10 não declarado. "
GrupoC kjl26 0 ""
GrupoC kjl27 11 "ERROR - Linha 8: Função de nome  g  já declarada na linha 2. "
GrupoC kjl28 0 ""
GrupoC kjl29 0 ""
GrupoC kjl30 11 "ERROR - Linha 7: Função de nome  main  já declarada na linha 2. "
GrupoD kjl00 10 "Erro semântico: O identificador a, referenciado na linha 3, não foi declarado. "
GrupoD kjl01 11 "Erro semântico: O identificador a (natureza: IDENTIFICADOR), declarado na linha 4, já foi declarado anteriormente na linha 3. "
GrupoD kjl02 11 "Erro semântico: O identificador a (natureza: IDENTIFICADOR), declarado na linha 4, já foi declarado anteriormente na linha 3. "
GrupoD kjl03 0 ""
GrupoD kjl04 11 "Erro semântico: O identificador f (natureza: FUNÇÃO), declarado na linha 16, já foi declarado anteriormente na linha 2. "
GrupoD kjl05 11 "Erro semântico: O identificador a (natureza: IDENTIFICADOR), declarado na linha 10, já foi declarado anteriormente na linha 3. "
GrupoD kjl06 0 "0x55e1cf73f410 [label= g ]; "
GrupoD kjl07 10 "Erro semântico: O identificador a, referenciado na linha 3, não foi declarado. "
GrupoD kjl08 11 "Erro semântico: O identificador b (natureza: IDENTIFICADOR), declarado na linha 3, já foi declarado anteriormente na linha 2. "
GrupoD kjl09 10 "Erro semântico: O identificador b, referenciado na linha 4, não foi declarado. "
GrupoD kjl10 10 "Erro semântico: O identificador a, referenciado na linha 3, não foi declarado. "
GrupoD kjl11 10 "Erro semântico: O identificador a, referenciado na linha 4, não foi declarado. "
GrupoD kjl12 10 "Erro semântico: O identificador b, referenciado na linha 3, não foi declarado. "
GrupoD kjl13 10 "Erro semântico: O identificador a, referenciado na linha 3, não foi declarado. "
GrupoD kjl14 10 "Erro semântico: O identificador a, referenciado na linha 3, não foi declarado. "
GrupoD kjl15 10 "Erro semântico: O identificador a, referenciado na linha 4, não foi declarado. "
GrupoD kjl16 10 "Erro semântico: O identificador g, referenciado na linha 4, não foi declarado. "
GrupoD kjl17 10 "Erro semântico: O identificador h, referenciado na linha 3, não foi declarado. "
GrupoD kjl18 11 "Erro semântico: O identificador a (natureza: IDENTIFICADOR), declarado na linha 11, já foi declarado anteriormente na linha 5. "
GrupoD kjl19 0 "0x556ece138410 [label= f ]; "
GrupoD kjl20 10 "Erro semântico: O identificador a, referenciado na linha 6, não foi declarado. "
GrupoD kjl21 10 "Erro semântico: O identificador a, referenciado na linha 6, não foi declarado. "
GrupoD kjl22 10 "Erro semântico: O identificador g, referenciado na linha 7, não foi declarado. "
GrupoD kjl23 10 "Erro semântico: O identificador v, referenciado na linha 6, não foi declarado. "
GrupoD kjl24 11 "Erro semântico: O identificador f (natureza: FUNÇÃO), declarado na linha 7, já foi declarado anteriormente na linha 2. "
GrupoD kjl25 10 "Erro semântico: O identificador g, referenciado na linha 10, não foi declarado. "
GrupoD kjl26 0 "0x56239cee3430 [label= g ]; "
GrupoD kjl27 11 "Erro semântico: O identificador g (natureza: FUNÇÃO), declarado na linha 8, já foi declarado anteriormente na linha 2. "
GrupoD kjl28 11 "Erro semântico: O identificador a (natureza: IDENTIFICADOR), declarado na linha 2, já foi declarado anteriormente na linha 2. "
GrupoD kjl29 0 "0x56066d1ef410 [label= f ]; "
GrupoD kjl30 11 "Erro semântico: O identificador main (natureza: FUNÇÃO), declarado na linha 7, já foi declarado anteriormente na linha 2. "
GrupoE kjl00 10 "semantic error: identificador a (variável) na linha 3 não declarado "
GrupoE kjl01 11 "semantic error: identificador a (variável) na linha 4 já declarado na linha 3 "
GrupoE kjl02 11 "semantic error: identificador a (variável) na linha 4 já declarado na linha 3 "
GrupoE kjl03 0 ""
GrupoE kjl04 11 "semantic error: identificador f (função) na linha 16 já declarado na linha 2 "
GrupoE kjl05 11 "semantic error: identificador a (variável) na linha 10 já declarado na linha 3 "
GrupoE kjl06 0 ""
GrupoE kjl07 10 "semantic error: identificador a (variável) na linha 3 não declarado "
GrupoE kjl08 11 "semantic error: identificador b (variável) na linha 3 já declarado na linha 2 "
GrupoE kjl09 10 "semantic error: identificador b (variável) na linha 4 não declarado "
GrupoE kjl10 10 "semantic error: identificador a (variável) na linha 3 não declarado "
GrupoE kjl11 10 "semantic error: identificador a (variável) na linha 4 não declarado "
GrupoE kjl12 10 "semantic error: identificador b (variável) na linha 3 não declarado "
GrupoE kjl13 10 "semantic error: identificador a (variável) na linha 3 não declarado "
GrupoE kjl14 10 "semantic error: identificador a (variável) na linha 3 não declarado "
GrupoE kjl15 10 "semantic error: identificador a (variável) na linha 4 não declarado "
GrupoE kjl16 10 "semantic error: identificador g (função) na linha 4 não declarado "
GrupoE kjl17 10 "semantic error: identificador h (função) na linha 3 não declarado "
GrupoE kjl18 11 "semantic error: identificador a (variável) na linha 11 já declarado na linha 5 "
GrupoE kjl19 0 ""
GrupoE kjl20 10 "semantic error: identificador a (variável) na linha 6 não declarado "
GrupoE kjl21 10 "semantic error: identificador a (variável) na linha 6 não declarado "
GrupoE kjl22 10 "semantic error: identificador g (função) na linha 7 não declarado "
GrupoE kjl23 10 "semantic error: identificador v (variável) na linha 6 não declarado "
GrupoE kjl24 11 "semantic error: identificador f (função) na linha 7 já declarado na linha 2 "
GrupoE kjl25 10 "semantic error: identificador g (função) na linha 10 não declarado "
GrupoE kjl26 0 ""
GrupoE kjl27 11 "semantic error: identificador g (função) na linha 8 já declarado na linha 2 "
GrupoE kjl28 11 "semantic error: identificador a (variável) na linha 2 já declarado na linha 2 "
GrupoE kjl29 0 ""
GrupoE kjl30 11 "semantic error: identificador main (função) na linha 7 já declarado na linha 2 "
GrupoF kjl00 10 "Symbol Undeclared. Error in line 3 "
GrupoF kjl01 11 "Duplicated Variable Declaration. Error in line 4 "
GrupoF kjl02 11 "Duplicated Variable Declaration. Error in line 4 "
GrupoF kjl03 0 ""
GrupoF kjl04 11 "Duplicated Function Declaration. Error in line 16 "
GrupoF kjl05 11 "Duplicated Variable Declaration. Error in line 10 "
GrupoF kjl06 0 ""
GrupoF kjl07 10 "Symbol Undeclared. Error in line 3 "
GrupoF kjl08 11 "Duplicated Variable Declaration. Error in line 3 "
GrupoF kjl09 10 "Symbol Undeclared. Error in line 4 "
GrupoF kjl10 10 "Symbol Undeclared. Error in line 3 "
GrupoF kjl11 10 "Symbol Undeclared. Error in line 4 "
GrupoF kjl12 10 "Symbol Undeclared. Error in line 3 "
GrupoF kjl13 10 "Symbol Undeclared. Error in line 3 "
GrupoF kjl14 10 "Symbol Undeclared. Error in line 3 "
GrupoF kjl15 10 "Symbol Undeclared. Error in line 4 "
GrupoF kjl16 10 "Function Undeclared. Error in line 4 "
GrupoF kjl17 10 "Function Undeclared. Error in line 3 "
GrupoF kjl18 11 "Duplicated Variable Declaration. Error in line 11 "
GrupoF kjl19 0 ""
GrupoF kjl20 10 "Symbol Undeclared. Error in line 6 "
GrupoF kjl21 10 "Symbol Undeclared. Error in line 6 "
GrupoF kjl22 10 "Function Undeclared. Error in line 7 "
GrupoF kjl23 10 "Symbol Undeclared. Error in line 6 "
GrupoF kjl24 11 "Duplicated Function Declaration. Error in line 7 "
GrupoF kjl25 10 "Function Undeclared. Error in line 10 "
GrupoF kjl26 0 ""
GrupoF kjl27 11 "Duplicated Function Declaration. Error in line 8 "
GrupoF kjl28 11 "Error in line 2 "
GrupoF kjl29 0 ""
GrupoF kjl30 11 "Duplicated Function Declaration. Error in line 7 "
GrupoG kjl00 10 "Declaração  do identificador [a] usado na linha [3] não encontrada "
GrupoG kjl01 11 "Redeclaração  do identificador [a] detectada na linha [4], declaração prévia na linha [3] "
GrupoG kjl02 11 "Redeclaração  do identificador [a] detectada na linha [4], declaração prévia na linha [3] "
GrupoG kjl03 0 ""
GrupoG kjl04 11 "Redeclaração  do identificador [f] detectada na linha [16], declaração prévia na linha [2] "
GrupoG kjl05 11 "Redeclaração  do identificador [a] detectada na linha [10], declaração prévia na linha [3] "
GrupoG kjl06 0 ""
GrupoG kjl07 10 "Declaração  do identificador [a] usado na linha [3] não encontrada "
GrupoG kjl08 11 "Redeclaração  do identificador [b] detectada na linha [3], declaração prévia na linha [2] "
GrupoG kjl09 10 "Declaração  do identificador [b] usado na linha [4] não encontrada "
GrupoG kjl10 10 "Declaração  do identificador [a] usado na linha [3] não encontrada "
GrupoG kjl11 10 "Declaração  do identificador [a] usado na linha [4] não encontrada "
GrupoG kjl12 10 "Declaração  do identificador [b] usado na linha [3] não encontrada "
GrupoG kjl13 10 "Declaração  do identificador [a] usado na linha [3] não encontrada "
GrupoG kjl14 10 "Declaração  do identificador [a] usado na linha [3] não encontrada "
GrupoG kjl15 10 "Declaração  do identificador [a] usado na linha [4] não encontrada "
GrupoG kjl16 10 "Declaração  do identificador [g] usado na linha [4] não encontrada "
GrupoG kjl17 10 "Declaração  do identificador [h] usado na linha [3] não encontrada "
GrupoG kjl18 11 "Redeclaração  do identificador [a] detectada na linha [11], declaração prévia na linha [5] "
GrupoG kjl19 0 ""
GrupoG kjl20 10 "Declaração  do identificador [a] usado na linha [6] não encontrada "
GrupoG kjl21 10 "Declaração  do identificador [a] usado na linha [6] não encontrada "
GrupoG kjl22 10 "Declaração  do identificador [g] usado na linha [7] não encontrada "
GrupoG kjl23 10 "Declaração  do identificador [v] usado na linha [6] não encontrada "
GrupoG kjl24 11 "Redeclaração  do identificador [f] detectada na linha [7], declaração prévia na linha [2] "
GrupoG kjl25 10 "Declaração  do identificador [g] usado na linha [10] não encontrada "
GrupoG kjl26 0 ""
GrupoG kjl27 11 "Redeclaração  do identificador [g] detectada na linha [8], declaração prévia na linha [2] "
GrupoG kjl28 11 "Redeclaração  do identificador [a] detectada na linha [2], declaração prévia na linha [2] "
GrupoG kjl29 0 ""
GrupoG kjl30 11 "Redeclaração  do identificador [main] detectada na linha [7], declaração prévia na linha [2] "
GrupoH kjl00 10 "Error: Assignment to undeclared variable a on line 3. "
GrupoH kjl01 11 "Error: Redeclaration of variable a (int) on line 4: Found previous declaration a (int) on line 3. "
GrupoH kjl02 11 "Error: Redeclaration of variable a (float) on line 4: Found previous declaration a (int) on line 3. "
GrupoH kjl03 0 ""
GrupoH kjl04 11 "Error: Redeclaration of function f > int on line 16: Found previous declaration f > int on line 2. "
GrupoH kjl05 11 "Error: Redeclaration of variable a (int) on line 10: Found previous declaration a (int) on line 3. "
GrupoH kjl06 0 ""
GrupoH kjl07 10 "Error: Using undeclared variable a on line 3. "
GrupoH kjl08 11 "Error: Redeclaration of variable b (int) on line 3: Found previous declaration b (int) on line 2. "
GrupoH kjl09 10 "Error: Using undeclared variable b on line 4. "
GrupoH kjl10 10 "Error: Assignment to undeclared variable a on line 3. "
GrupoH kjl11 10 "Error: Assignment to undeclared variable a on line 4. "
GrupoH kjl12 10 "Error: Assignment to undeclared variable b on line 3. "
GrupoH kjl13 10 "Error: Assignment to undeclared variable a on line 3. "
GrupoH kjl14 10 "Error: Assignment to undeclared variable a on line 3. "
GrupoH kjl15 10 "Error: Assignment to undeclared variable a on line 4. "
GrupoH kjl16 10 "Error: Call to undeclared function g on line 4. "
GrupoH kjl17 10 "Error: Call to undeclared function h on line 3. "
GrupoH kjl18 11 "Error: Redeclaration of variable a (int) on line 11: Found previous declaration a (int) on line 5. "
GrupoH kjl19 0 ""
GrupoH kjl20 10 "Error: Assignment to undeclared variable a on line 6. "
GrupoH kjl21 10 "Error: Assignment to undeclared variable a on line 6. "
GrupoH kjl22 10 "Error: Call to undeclared function g on line 7. "
GrupoH kjl23 10 "Error: Assignment to undeclared variable v on line 6. "
GrupoH kjl24 11 "Error: Redeclaration of function f > int on line 7: Found previous declaration f > int on line 2. "
GrupoH kjl25 10 "Error: Call to undeclared function g on line 10. "
GrupoH kjl26 0 ""
GrupoH kjl27 11 "Error: Redeclaration of function g > int on line 8: Found previous declaration g > int on line 2. "
GrupoH kjl28 11 "Error: Redeclaration of parameter a <- int on line 2: Found previous declaration a <- int on line 2. "
GrupoH kjl29 0 ""
GrupoH kjl30 11 "Error: Redeclaration of function main > int on line 7: Found previous declaration main > int on line 2. "
GrupoJ kjl00 10 "Erro na linha 3: símbolo não declarado. O símbolo a não foi declarado. "
GrupoJ kjl01 11 "Erro na linha 4: símbolo já declarado. O símbolo a foi previamente declarado na linha 3. "
GrupoJ kjl02 11 "Erro na linha 4: símbolo já declarado. O símbolo a foi previamente declarado na linha 3. "
GrupoJ kjl03 0 ""
GrupoJ kjl04 11 "Erro na linha 16: símbolo já declarado. O símbolo f foi previamente declarado na linha 2. "
GrupoJ kjl05 11 "Erro na linha 10: símbolo já declarado. O símbolo a foi previamente declarado na linha 3. "
GrupoJ kjl06 0 "0x56227e0812a0 [label= g ]; "
GrupoJ kjl07 10 "Erro na linha 3: símbolo não declarado. O símbolo a não foi declarado. "
GrupoJ kjl08 11 "Erro na linha 3: símbolo já declarado. O símbolo b foi previamente declarado na linha 2. "
GrupoJ kjl09 10 "Erro na linha 4: símbolo não declarado. O símbolo b não foi declarado. "
GrupoJ kjl10 10 "Erro na linha 3: símbolo não declarado. O símbolo a não foi declarado. "
GrupoJ kjl11 10 "Erro na linha 4: símbolo não declarado. O símbolo a não foi declarado. "
GrupoJ kjl12 10 "Erro na linha 3: símbolo não declarado. O símbolo b não foi declarado. "
GrupoJ kjl13 10 "Erro na linha 3: símbolo não declarado. O símbolo a não foi declarado. "
GrupoJ kjl14 10 "Erro na linha 3: símbolo não declarado. O símbolo a não foi declarado. "
GrupoJ kjl15 10 "Erro na linha 4: símbolo não declarado. O símbolo a não foi declarado. "
GrupoJ kjl16 10 "Erro na linha 4: símbolo não declarado. O símbolo g não foi declarado. "
GrupoJ kjl17 10 "Erro na linha 3: símbolo não declarado. O símbolo h não foi declarado. "
GrupoJ kjl18 11 "Erro na linha 11: símbolo já declarado. O símbolo a foi previamente declarado na linha 5. "
GrupoJ kjl19 0 "0x55e2389e52a0 [label= f ]; "
GrupoJ kjl20 10 "Erro na linha 6: símbolo não declarado. O símbolo a não foi declarado. "
GrupoJ kjl21 10 "Erro na linha 6: símbolo não declarado. O símbolo a não foi declarado. "
GrupoJ kjl22 10 "Erro na linha 7: símbolo não declarado. O símbolo g não foi declarado. "
GrupoJ kjl23 10 "Erro na linha 6: símbolo não declarado. O símbolo v não foi declarado. "
GrupoJ kjl24 11 "Erro na linha 7: símbolo já declarado. O símbolo f foi previamente declarado na linha 2. "
GrupoJ kjl25 10 "Erro na linha 10: símbolo não declarado. O símbolo g não foi declarado. "
GrupoJ kjl26 0 "0x55741df3f2e0 [label= g ]; "
GrupoJ kjl27 11 "Erro na linha 8: símbolo já declarado. O símbolo g foi previamente declarado na linha 2. "
GrupoJ kjl28 11 "Erro na linha 2: símbolo já declarado. O símbolo a foi previamente declarado na linha 2. "
GrupoJ kjl29 0 "0x5644a52e22a0 [label= f ]; "
GrupoJ kjl30 11 "Erro na linha 7: símbolo já declarado. O símbolo main foi previamente declarado na linha 2. "
GrupoK kjl00 10 "ERRO na linha 3: A variavel a nao foi declarada. "
GrupoK kjl01 11 "ERRO na linha 4: O nome a ja esta sendo usado neste escopo. "
GrupoK kjl02 11 "ERRO na linha 4: O nome a ja esta sendo usado neste escopo. "
GrupoK kjl03 0 "Erro: asd_print recebeu parâmetro tree = (nil). "
GrupoK kjl04 0 "0x556c0f5043f0 [label= f ]; "
GrupoK kjl05 11 "ERRO na linha 10: O nome a ja esta sendo usado neste escopo. "
GrupoK kjl06 0 "0x556a131fb3f0 [label= g ]; "
GrupoK kjl07 10 "ERRO na linha 3: A variavel a nao foi declarada. "
GrupoK kjl08 11 "ERRO na linha 3: O nome b ja esta sendo usado neste escopo. "
GrupoK kjl09 10 "ERRO na linha 4: A variavel b nao foi declarada. "
GrupoK kjl10 10 "ERRO na linha 3: A variavel a nao foi declarada. "
GrupoK kjl11 10 "ERRO na linha 4: A variavel a nao foi declarada. "
GrupoK kjl12 10 "ERRO na linha 3: A variavel b nao foi declarada. "
GrupoK kjl13 10 "ERRO na linha 3: A variavel a nao foi declarada. "
GrupoK kjl14 10 "ERRO na linha 3: A variavel a nao foi declarada. "
GrupoK kjl15 10 "ERRO na linha 4: A variavel a nao foi declarada. "
GrupoK kjl16 10 "ERRO na linha 4: A funcao g foi chamada sem ter sido declarada. "
GrupoK kjl17 10 "ERRO na linha 3: A funcao h foi chamada sem ter sido declarada. "
GrupoK kjl18 11 "ERRO na linha 11: O nome a ja esta sendo usado neste escopo. "
GrupoK kjl19 0 "0x5588571cf3f0 [label= f ]; "
GrupoK kjl20 10 "ERRO na linha 6: A variavel a nao foi declarada. "
GrupoK kjl21 10 "ERRO na linha 6: A variavel a nao foi declarada. "
GrupoK kjl22 10 "ERRO na linha 7: A funcao g foi chamada sem ter sido declarada. "
GrupoK kjl23 10 "ERRO na linha 6: A variavel v nao foi declarada. "
GrupoK kjl24 11 "ERRO na linha 9: O nome b ja esta sendo usado neste escopo. "
GrupoK kjl25 10 "ERRO na linha 10: A funcao g foi chamada sem ter sido declarada. "
GrupoK kjl26 0 "0x5614a0863490 [label= g ]; "
GrupoK kjl27 0 "0x55f7abe2d490 [label= g ]; "
GrupoK kjl28 0 "0x55b9ae1775d0 [label= f ]; "
GrupoK kjl29 0 "0x558cb3f743f0 [label= f ]; "
GrupoK kjl30 0 "0x55be238423f0 [label= main ]; "
GrupoL kjl00 10 "Erro na linha 3, variavel a nao declarada "
GrupoL kjl01 11 "Erro na linha 4, identificador a já declarado na linha 3 "
GrupoL kjl02 11 "Erro na linha 4, identificador a já declarado na linha 3 "
GrupoL kjl03 0 ""
GrupoL kjl04 11 "Erro na linha 16, funcao f já declarada na linha 2 "
GrupoL kjl05 11 "Erro na linha 10, identificador a já declarado na linha 3 "
GrupoL kjl06 0 "0x560a8e845410 [label= g ]; "
GrupoL kjl07 10 "Erro na linha 3, variavel a nao declarada "
GrupoL kjl08 11 "Erro na linha 3, identificador b já declarado na linha 2 "
GrupoL kjl09 10 "Erro na linha 4, variavel b nao declarada "
GrupoL kjl10 10 "Erro na linha 3, variavel a nao declarada "
GrupoL kjl11 10 "Erro na linha 4, variavel a nao declarada "
GrupoL kjl12 10 "Erro na linha 3, variavel b nao declarada "
GrupoL kjl13 10 "Erro na linha 3, variavel a nao declarada "
GrupoL kjl14 10 "Erro na linha 3, variavel a nao declarada "
GrupoL kjl15 10 "Erro na linha 4, variavel a nao declarada "
GrupoL kjl16 10 "Erro na linha 4, funcao g nao declarada "
GrupoL kjl17 10 "Erro na linha 3, funcao h nao declarada "
GrupoL kjl18 11 "Erro na linha 11, identificador a já declarado na linha 5 "
GrupoL kjl19 0 "0x5573dfb4b410 [label= f ]; "
GrupoL kjl20 10 "Erro na linha 6, variavel a nao declarada "
GrupoL kjl21 10 "Erro na linha 6, variavel a nao declarada "
GrupoL kjl22 10 "Erro na linha 7, funcao g nao declarada "
GrupoL kjl23 10 "Erro na linha 6, variavel v nao declarada "
GrupoL kjl24 11 "Erro na linha 7, funcao f já declarada na linha 2 "
GrupoL kjl25 10 "Erro na linha 10, funcao g nao declarada "
GrupoL kjl26 0 "0x55a760f0d4c0 [label= g ]; "
GrupoL kjl27 11 "Erro na linha 8, funcao g já declarada na linha 2 "
GrupoL kjl28 11 "Erro na linha 2, parâmetro a já declarado na linha 2 "
GrupoL kjl29 0 "0x5614e78ba410 [label= f ]; "
GrupoL kjl30 11 "Erro na linha 7, funcao main já declarada na linha 2 "
GrupoM kjl00 10 "Erro na linha 3: A variável a não foi declarada! "
GrupoM kjl01 11 "Erro na linha 4: O identificador a já foi declarado na linha 3! "
GrupoM kjl02 11 "Erro na linha 4: O identificador a já foi declarado na linha 3! "
GrupoM kjl03 0 ""
GrupoM kjl04 11 "Erro na linha 16: O identificador f já foi declarado na linha 2! "
GrupoM kjl05 11 "Erro na linha 10: O identificador a já foi declarado na linha 3! "
GrupoM kjl06 0 "0x557adae81470 [label= g ]; "
GrupoM kjl07 10 "Erro na linha 3: A variável a não foi declarada! "
GrupoM kjl08 11 "Erro na linha 3: O identificador b já foi declarado na linha 2! "
GrupoM kjl09 10 "Erro na linha 4: A variável b não foi declarada! "
GrupoM kjl10 10 "Erro na linha 3: A variável a não foi declarada! "
GrupoM kjl11 10 "Erro na linha 4: A variável a não foi declarada! "
GrupoM kjl12 10 "Erro na linha 3: A variável b não foi declarada! "
GrupoM kjl13 10 "Erro na linha 3: A variável a não foi declarada! "
GrupoM kjl14 10 "Erro na linha 3: A variável a não foi declarada! "
GrupoM kjl15 10 "Erro na linha 4: A variável a não foi declarada! "
GrupoM kjl16 10 "Erro na linha 4: A função g não foi declarada! "
GrupoM kjl17 10 "Erro na linha 3: A função h não foi declarada! "
GrupoM kjl18 11 "Erro na linha 11: O identificador a já foi declarado na linha 5! "
GrupoM kjl19 0 "0x55e4c9c0d470 [label= f ]; "
GrupoM kjl20 10 "Erro na linha 6: A variável a não foi declarada! "
GrupoM kjl21 10 "Erro na linha 6: A variável a não foi declarada! "
GrupoM kjl22 10 "Erro na linha 7: A função g não foi declarada! "
GrupoM kjl23 10 "Erro na linha 6: A variável v não foi declarada! "
GrupoM kjl24 11 "Erro na linha 7: O identificador f já foi declarado na linha 2! "
GrupoM kjl25 10 "Erro na linha 10: A função g não foi declarada! "
GrupoM kjl26 0 "0x556acdd10510 [label= g ]; "
GrupoM kjl27 11 "Erro na linha 8: O identificador g já foi declarado na linha 2! "
GrupoM kjl28 11 "Erro na linha 2: O identificador a já foi declarado na linha 2! "
GrupoM kjl29 0 "0x56473ccbb470 [label= f ]; "
GrupoM kjl30 11 "Erro na linha 7: O identificador main já foi declarado na linha 2! "
GrupoN kjl00 139 "Segmentation fault"
GrupoN kjl01 0 ""
GrupoN kjl02 0 ""
GrupoN kjl03 0 ""
GrupoN kjl04 0 ""
GrupoN kjl05 0 ""
GrupoN kjl06 0 ""
GrupoN kjl07 139 "Segmentation fault"
GrupoN kjl08 0 ""
GrupoN kjl09 139 "Segmentation fault"
GrupoN kjl10 139 "Segmentation fault"
GrupoN kjl11 139 "Segmentation fault"
GrupoN kjl12 139 "Segmentation fault"
GrupoN kjl13 139 "Segmentation fault"
GrupoN kjl14 139 "Segmentation fault"
GrupoN kjl15 139 "Segmentation fault"
GrupoN kjl16 0 ""
GrupoN kjl17 0 ""
GrupoN kjl18 0 ""
GrupoN kjl19 0 ""
GrupoN kjl20 139 "Segmentation fault"
GrupoN kjl21 139 "Segmentation fault"
GrupoN kjl22 0 ""
GrupoN kjl23 139 "Segmentation fault"
GrupoN kjl24 0 ""
GrupoN kjl25 0 ""
GrupoN kjl26 0 ""
GrupoN kjl27 0 ""
GrupoN kjl28 0 ""
GrupoN kjl29 139 "Segmentation fault"
GrupoN kjl30 0 ""
GrupoO kjl00 10 "SEMANTIC ERROR: Attempted attribution operation with undeclared symbol a in line 3. "
GrupoO kjl01 11 "SEMANTIC ERROR: Attempted to declare symbol a in line 4, but it is already declared in line 3 (nested scope level 2). "
GrupoO kjl02 11 "SEMANTIC ERROR: Attempted to declare symbol a in line 4, but it is already declared in line 3 (nested scope level 2). "
GrupoO kjl03 0 ""
GrupoO kjl04 11 "SEMANTIC ERROR: Attempted to declare symbol f in line 16, but it is already declared in line 2 (global scope). "
GrupoO kjl05 11 "SEMANTIC ERROR: Attempted to declare symbol a in line 10, but it is already declared in line 3 (nested scope level 2). "
GrupoO kjl06 134 "Double free detected"
GrupoO kjl07 10 "SEMANTIC ERROR: Attempted attribution operation with undeclared symbol a in line 3. "
GrupoO kjl08 11 "SEMANTIC ERROR: Attempted to declare symbol b in line 3, but it is already declared in line 2 (nested scope level 2). "
GrupoO kjl09 10 "SEMANTIC ERROR: Attempted attribution operation with undeclared symbol b in line 4. "
GrupoO kjl10 10 "SEMANTIC ERROR: Attempted attribution operation with undeclared symbol a in line 3. "
GrupoO kjl11 10 "SEMANTIC ERROR: Attempted attribution operation with undeclared symbol a in line 4. "
GrupoO kjl12 10 "SEMANTIC ERROR: Attempted attribution operation with undeclared symbol b in line 3. "
GrupoO kjl13 10 "SEMANTIC ERROR: Attempted attribution operation with undeclared symbol a in line 3. "
GrupoO kjl14 10 "SEMANTIC ERROR: Attempted attribution operation with undeclared symbol a in line 3. "
GrupoO kjl15 10 "SEMANTIC ERROR: Attempted attribution operation with undeclared symbol a in line 4. "
GrupoO kjl16 10 "SEMANTIC ERROR: Attempted attribution operation with undeclared symbol g in line 4. "
GrupoO kjl17 10 "SEMANTIC ERROR: Attempted attribution operation with undeclared symbol h in line 3. "
GrupoO kjl18 11 "SEMANTIC ERROR: Attempted to declare symbol a in line 5, but it is already declared in line 3 (nested scope level 2). "
GrupoO kjl19 11 "SEMANTIC ERROR: Attempted to declare symbol a in line 6, but it is already declared in line 3 (nested scope level 2). "
GrupoO kjl20 10 "SEMANTIC ERROR: Attempted attribution operation with undeclared symbol a in line 6. "
GrupoO kjl21 10 "SEMANTIC ERROR: Attempted attribution operation with undeclared symbol a in line 6. "
GrupoO kjl22 10 "SEMANTIC ERROR: Attempted attribution operation with undeclared symbol g in line 7. "
GrupoO kjl23 10 "SEMANTIC ERROR: Attempted attribution operation with undeclared symbol v in line 6. "
GrupoO kjl24 11 "SEMANTIC ERROR: Attempted to declare symbol f in line 7, but it is already declared in line 2 (global scope). "
GrupoO kjl25 10 "SEMANTIC ERROR: Attempted attribution operation with undeclared symbol g in line 10. "
GrupoO kjl26 134 "Double free detected"
GrupoO kjl27 11 "SEMANTIC ERROR: Attempted to declare symbol g in line 8, but it is already declared in line 2 (global scope). "
GrupoO kjl28 11 "SEMANTIC ERROR: Attempted to declare symbol a in line 2, but it is already declared in line 2 (nested scope level 2). "
GrupoO kjl29 134 "Double free detected"
GrupoO kjl30 11 "SEMANTIC ERROR: Attempted to declare symbol main in line 4, but it is already declared in line 2 (global scope). "
GrupoP kjl00 10 "Line 3: semantic error, Identifier a was not declared. "
GrupoP kjl01 11 "Line 4: semantic error, Identifier a was already declared on line 3. "
GrupoP kjl02 11 "Line 4: semantic error, Identifier a was already declared on line 3. "
GrupoP kjl03 0 ""
GrupoP kjl04 11 "Line 16: semantic error, Function f was already declared on line 2. "
GrupoP kjl05 11 "Line 10: semantic error, Identifier a was already declared on line 3. "
GrupoP kjl06 0 ""
GrupoP kjl07 10 "Line 3: semantic error, Identifier a was not declared. "
GrupoP kjl08 11 "Line 3: semantic error, Identifier b was already declared on line 2. "
GrupoP kjl09 10 "Line 4: semantic error, Identifier b was not declared. "
GrupoP kjl10 10 "Line 3: semantic error, Identifier a was not declared. "
GrupoP kjl11 10 "Line 4: semantic error, Identifier a was not declared. "
GrupoP kjl12 10 "Line 3: semantic error, Identifier b was not declared. "
GrupoP kjl13 10 "Line 3: semantic error, Identifier a was not declared. "
GrupoP kjl14 10 "Line 3: semantic error, Identifier a was not declared. "
GrupoP kjl15 10 "Line 4: semantic error, Identifier a was not declared. "
GrupoP kjl16 10 "Line 4: semantic error, Function g was not declared. "
GrupoP kjl17 10 "Line 3: semantic error, Function h was not declared. "
GrupoP kjl18 11 "Line 11: semantic error, Identifier a was already declared on line 5. "
GrupoP kjl19 0 ""
GrupoP kjl20 10 "Line 6: semantic error, Identifier a was not declared. "
GrupoP kjl21 10 "Line 6: semantic error, Identifier a was not declared. "
GrupoP kjl22 10 "Line 7: semantic error, Function g was not declared. "
GrupoP kjl23 10 "Line 6: semantic error, Identifier v was not declared. "
GrupoP kjl24 11 "Line 7: semantic error, Function f was already declared on line 2. "
GrupoP kjl25 10 "Line 10: semantic error, Function g was not declared. "
GrupoP kjl26 0 ""
GrupoP kjl27 11 "Line 8: semantic error, Function g was already declared on line 2. "
GrupoP kjl28 11 "Line 2: semantic error, Identifier a was already declared on line 2. "
GrupoP kjl29 0 ""
GrupoP kjl30 11 "Line 7: semantic error, Function main was already declared on line 2. "
GrupoR kjl00 10 "Semantic error (line 3): identifier a not declared. "
GrupoR kjl01 11 "Semantic error (line 4): identifier a already declared in the current scope. "
GrupoR kjl02 11 "Semantic error (line 4): identifier a already declared in the current scope. "
GrupoR kjl03 0 ""
GrupoR kjl04 11 "Semantic error (line 16): identifier f already declared in the current scope. "
GrupoR kjl05 11 "Semantic error (line 10): identifier a already declared in the current scope. "
GrupoR kjl06 0 ""
GrupoR kjl07 10 "Semantic error (line 3): identifier a not declared. "
GrupoR kjl08 11 "Semantic error (line 3): identifier b already declared in the current scope. "
GrupoR kjl09 10 "Semantic error (line 4): identifier b not declared. "
GrupoR kjl10 10 "Semantic error (line 3): identifier a not declared. "
GrupoR kjl11 10 "Semantic error (line 4): identifier a not declared. "
GrupoR kjl12 10 "Semantic error (line 3): identifier b not declared. "
GrupoR kjl13 10 "Semantic error (line 3): identifier a not declared. "
GrupoR kjl14 10 "Semantic error (line 3): identifier a not declared. "
GrupoR kjl15 10 "Semantic error (line 4): identifier a not declared. "
GrupoR kjl16 10 "Semantic error (line 4): identifier g not declared. "
GrupoR kjl17 10 "Semantic error (line 3): identifier h not declared. "
GrupoR kjl18 11 "Semantic error (line 11): identifier a already declared in the current scope. "
GrupoR kjl19 0 ""
GrupoR kjl20 10 "Semantic error (line 6): identifier a not declared. "
GrupoR kjl21 10 "Semantic error (line 6): identifier a not declared. "
GrupoR kjl22 10 "Semantic error (line 7): identifier g not declared. "
GrupoR kjl23 10 "Semantic error (line 6): identifier v not declared. "
GrupoR kjl24 11 "Semantic error (line 7): identifier f already declared in the current scope. "
GrupoR kjl25 10 "Semantic error (line 10): identifier g not declared. "
GrupoR kjl26 0 ""
GrupoR kjl27 11 "Semantic error (line 8): identifier g already declared in the current scope. "
GrupoR kjl28 11 "Semantic error (line 2): identifier a already declared in the current scope. "
GrupoR kjl29 0 ""
GrupoR kjl30 11 "Semantic error (line 7): identifier main already declared in the current scope. "
GrupoS kjl00 10 "Erro na linha 3, atribuição feita para variável não declarada "
GrupoS kjl01 11 "Erro na linha 4, identificador a já foi declarado na linha 4"
GrupoS kjl02 11 "Erro na linha 4, identificador a já foi declarado na linha 4"
GrupoS kjl03 0 ""
GrupoS kjl04 11 "Erro na linha 16, identificador f já declarado na linha 2 "
GrupoS kjl05 11 "Erro na linha 10, identificador a já foi declarado na linha 10"
GrupoS kjl06 0 "  0x5636a7bd83f0 [label= g ]; "
GrupoS kjl07 10 "Erro na linha 3, operador a não declarado "
GrupoS kjl08 11 "Erro na linha 3, identificador b já foi declarado na linha 3"
GrupoS kjl09 10 "Erro na linha 4, operador b não declarado "
GrupoS kjl10 10 "Erro na linha 3, atribuição feita para variável não declarada "
GrupoS kjl11 10 "Erro na linha 4, atribuição feita para variável não declarada "
GrupoS kjl12 10 "Erro na linha 3, atribuição feita para variável não declarada "
GrupoS kjl13 10 "Erro na linha 3, atribuição feita para variável não declarada "
GrupoS kjl14 10 "Erro na linha 3, atribuição feita para variável não declarada "
GrupoS kjl15 10 "Erro na linha 4, atribuição feita para variável não declarada "
GrupoS kjl16 10 "Erro na linha 4, função g não existe "
GrupoS kjl17 10 "Erro na linha 3, função h não existe "
GrupoS kjl18 11 "Erro na linha 11, identificador a já foi declarado na linha 11"
GrupoS kjl19 0 "  0x55eb922f03f0 [label= f ]; "
GrupoS kjl20 10 "Erro na linha 6, atribuição feita para variável não declarada "
GrupoS kjl21 10 "Erro na linha 6, atribuição feita para variável não declarada "
GrupoS kjl22 10 "Erro na linha 7, função g não existe "
GrupoS kjl23 10 "Erro na linha 6, atribuição feita para variável não declarada "
GrupoS kjl24 11 "Erro na linha 7, identificador f já declarado na linha 2 "
GrupoS kjl25 10 "Erro na linha 10, função g não existe "
GrupoS kjl26 0 "  0x558d98c59490 [label= g ]; "
GrupoS kjl27 11 "Erro na linha 8, identificador g já declarado na linha 2 "
GrupoS kjl28 11 "Erro na linha 2, parâmetro a já declarado"
GrupoS kjl29 0 "  0x55e2409203f0 [label= f ]; "
GrupoS kjl30 11 "Erro na linha 7, identificador main já declarado na linha 2 "
GrupoT kjl00 10 "Erro semântico na linha 3: identificador a não declarado "
GrupoT kjl01 11 "Erro semântico na linha 4: identificador a já declarado anteriormente na linha 3 "
GrupoT kjl02 11 "Erro semântico na linha 4: identificador a já declarado anteriormente na linha 3 "
GrupoT kjl03 0 " "
GrupoT kjl04 11 "Erro semântico na linha 16: identificador f já declarado anteriormente na linha 2 "
GrupoT kjl05 11 "Erro semântico na linha 10: identificador a já declarado anteriormente na linha 3 "
GrupoT kjl06 0 "0x557f64db5460, 0x557f64db5630 "
GrupoT kjl07 10 "Erro semântico na linha 3: identificador a não declarado "
GrupoT kjl08 11 "Erro semântico na linha 3: identificador b já declarado anteriormente na linha 2 "
GrupoT kjl09 10 "Erro semântico na linha 4: identificador b não declarado "
GrupoT kjl10 10 "Erro semântico na linha 3: identificador a não declarado "
GrupoT kjl11 10 "Erro semântico na linha 4: identificador a não declarado "
GrupoT kjl12 10 "Erro semântico na linha 3: identificador b não declarado "
GrupoT kjl13 10 "Erro semântico na linha 3: identificador a não declarado "
GrupoT kjl14 10 "Erro semântico na linha 3: identificador a não declarado "
GrupoT kjl15 10 "Erro semântico na linha 4: identificador a não declarado "
GrupoT kjl16 10 "Erro semântico na linha 4: identificador g não declarado "
GrupoT kjl17 10 "Erro semântico na linha 3: identificador h não declarado "
GrupoT kjl18 11 "Erro semântico na linha 11: identificador a já declarado anteriormente na linha 5 "
GrupoT kjl19 0 "0x5568a8721460, 0x5568a8721b50 "
GrupoT kjl20 10 "Erro semântico na linha 6: identificador a não declarado "
GrupoT kjl21 10 "Erro semântico na linha 6: identificador a não declarado "
GrupoT kjl22 10 "Erro semântico na linha 7: identificador g não declarado "
GrupoT kjl23 10 "Erro semântico na linha 6: identificador v não declarado "
GrupoT kjl24 11 "Erro semântico na linha 7: identificador f já declarado anteriormente na linha 2 "
GrupoT kjl25 10 "Erro semântico na linha 10: identificador g não declarado "
GrupoT kjl26 0 "0x55e60c7465c0, 0x55e60c746790 "
GrupoT kjl27 11 "Erro semântico na linha 8: identificador g já declarado anteriormente na linha 2 "
GrupoT kjl28 11 "Erro semântico na linha 2: identificador a já declarado anteriormente na linha 2 "
GrupoT kjl29 0 "0x55556c4d6460, 0x55556c4d68b0 "
GrupoT kjl30 11 "Erro semântico na linha 7: identificador main já declarado anteriormente na linha 2 "
